{"message":"localhost:3000------ GET------ date: 1398/7/14---- time : 12:25:49-----c4a000da-9aad-4668-85b7-379bb8bfda83-----ip: ::1----Other 0.0.0 / Other 0.0.0---status:200-----idUser :5d983de5e312aa3cf0572241---mobile number :09396561733---- block = false","level":"info"}
{"message":"localhost:3000------ GET------ date: 1398/7/14---- time : 12:26:4-----6676db34-4779-45cb-846e-7f450d7f8ead-----ip: ::1----Other 0.0.0 / Other 0.0.0---status:200-----idUser :5d983de5e312aa3cf0572241---mobile number :09396561733---- block = false","level":"info"}
{"message":"localhost:3000------ GET------ date: 1398/7/14---- time : 12:26:9-----c08d3d90-ca59-4dee-b244-adf9cc55b217-----ip: ::1----Other 0.0.0 / Other 0.0.0---status:200-----idUser :5d983de5e312aa3cf0572241---mobile number :09396561733---- block = false","level":"info"}
{"message":"localhost:3000------ GET------ date: 1398/7/14---- time : 12:26:23-----c4815dd3-cf1c-4e5d-9413-a6db9eee861a-----ip: ::1----Other 0.0.0 / Other 0.0.0---status:200-----idUser :5d983de5e312aa3cf0572241---mobile number :09396561733---- block = false","level":"info"}
{"message":"localhost:3000------ GET------ date: 1398/7/14---- time : 12:27:56-----df577ceb-b85e-4458-8456-5240b06bc337-----ip: ::1----Other 0.0.0 / Other 0.0.0---status:200-----idUser :5d983de5e312aa3cf0572241---mobile number :09396561733---- block = false","level":"info"}
{"message":"localhost:3000------ GET------ date: 1398/7/14---- time : 12:28:27-----bc31d892-b455-4f76-be5a-845802b8ec86-----ip: ::1----Other 0.0.0 / Other 0.0.0---status:200-----idUser :5d983de5e312aa3cf0572241---mobile number :09396561733---- block = false","level":"info"}
{"message":"localhost:3000------ GET------ date: 1398/7/14---- time : 12:33:2-----e88ddcce-aff8-41ca-8307-d5229a434042-----ip: ::1----Other 0.0.0 / Other 0.0.0---status:200-----idUser :5d983de5e312aa3cf0572241---mobile number :09396561733---- block = false","level":"info"}
{"message":"localhost:3000------ GET------ date: 1398/7/14---- time : 12:33:35-----83e4f4f2-dbc6-4104-aabc-fc9f611c95b5-----ip: ::1----Other 0.0.0 / Other 0.0.0---status:200-----idUser :5d983de5e312aa3cf0572241---mobile number :09396561733---- block = false","level":"info"}
{"message":"localhost:3000------ POST------ date: 1398/7/14---- time : 12:40:44-----3da14c6e-2598-4bdb-acce-fa18cff7fc7f-----ip: ::1----Other 0.0.0 / Other 0.0.0---status:200-----idUser :5d983de5e312aa3cf0572241---mobile number :09396561733---- block = false","level":"info"}
{"message":"localhost:3000------ POST------ date: 1398/7/14---- time : 12:41:15-----5ccccde4-d8f2-4bff-8c4e-8a00e5d0ee5f-----ip: ::1----Other 0.0.0 / Other 0.0.0---status:200-----idUser :5d983de5e312aa3cf0572241---mobile number :09396561733---- block = false","level":"info"}
{"message":"localhost:3000------ POST------ date: 1398/7/14---- time : 12:41:34-----e97907c1-ced1-4426-b736-cb56db5cafee-----ip: ::1----Other 0.0.0 / Other 0.0.0---status:200-----idUser :5d983de5e312aa3cf0572241---mobile number :09396561733---- block = false","level":"info"}
{"message":"localhost:3000------ POST------ date: 1398/7/14---- time : 12:42:6-----96ef05b8-c17d-4ad5-bbb3-d8fc5fa4bc15-----ip: ::1----Other 0.0.0 / Other 0.0.0---status:200-----idUser :5d983de5e312aa3cf0572241---mobile number :09396561733---- block = false","level":"info"}
{"message":"localhost:3000------ POST------ date: 1398/7/14---- time : 12:42:12-----00afd0f2-0c51-4b41-874a-a04c21a4cfc7-----ip: ::1----Other 0.0.0 / Other 0.0.0---status:200-----idUser :5d983de5e312aa3cf0572241---mobile number :09396561733---- block = false","level":"info"}
{"message":"localhost:3000------ POST------ date: 1398/7/14---- time : 12:42:39-----264efec0-7be6-440a-a4d7-ad417f541f18-----ip: ::1----Other 0.0.0 / Other 0.0.0---status:200-----idUser :5d983de5e312aa3cf0572241---mobile number :09396561733---- block = false","level":"info"}
{"message":"localhost:3000------ POST------ date: 1398/7/14---- time : 12:43:11-----b40442c2-c557-4c88-b1a1-fd895701afa0-----ip: ::1----Other 0.0.0 / Other 0.0.0---status:200-----idUser :5d983de5e312aa3cf0572241---mobile number :09396561733---- block = false","level":"info"}
{"message":"localhost:3000------ POST------ date: 1398/7/14---- time : 12:43:34-----e554e75e-f454-4b70-a898-5e1dea2c0268-----ip: ::1----Other 0.0.0 / Other 0.0.0---status:200-----idUser :5d983de5e312aa3cf0572241---mobile number :09396561733---- block = false","level":"info"}
{"message":"localhost:3000------ GET------ date: 1398/7/14---- time : 12:44:13-----180859c8-073b-45da-81bc-6ac02f1fd86d-----ip: ::1----Other 0.0.0 / Other 0.0.0---status:200-----idUser :5d983de5e312aa3cf0572241---mobile number :09396561733---- block = false","level":"info"}
{"message":"localhost:3000------ POST------ date: 1398/7/14---- time : 12:44:57-----45c5f2cb-f050-47e8-bd7c-d7df91226624-----ip: ::1----Other 0.0.0 / Other 0.0.0---status:200-----idUser :5d983de5e312aa3cf0572241---mobile number :09396561733---- block = false","level":"info"}
{"message":"localhost:3000------ POST------ date: 1398/7/14---- time : 12:45:17-----d808bf1a-14ef-454a-afa8-5722225c5299-----ip: ::1----Other 0.0.0 / Other 0.0.0---status:200-----idUser :5d983de5e312aa3cf0572241---mobile number :09396561733---- block = false","level":"info"}
{"message":"localhost:3000------ POST------ date: 1398/7/14---- time : 12:45:28-----dca398ec-1c9b-41c9-b998-85a2445ec0f9-----ip: ::1----Other 0.0.0 / Other 0.0.0---status:200-----idUser :5d983de5e312aa3cf0572241---mobile number :09396561733---- block = false","level":"info"}
{"message":"localhost:3000------ POST------ date: 1398/7/14---- time : 12:45:36-----1bdf5ecd-519d-40d7-b63b-22cd4f234c8d-----ip: ::1----Other 0.0.0 / Other 0.0.0---status:200-----idUser :5d983de5e312aa3cf0572241---mobile number :09396561733---- block = false","level":"info"}
{"message":"localhost:3000------ POST------ date: 1398/7/14---- time : 12:46:23-----73f91c1e-b804-447d-8386-233976eb59fa-----ip: ::1----Other 0.0.0 / Other 0.0.0---status:200-----idUser :5d983de5e312aa3cf0572241---mobile number :09396561733---- block = false","level":"info"}
{"message":"localhost:3000------ POST------ date: 1398/7/14---- time : 12:47:2-----7549027b-1ef9-437d-847a-71f963300902-----ip: ::1----Other 0.0.0 / Other 0.0.0---status:200-----idUser :5d983de5e312aa3cf0572241---mobile number :09396561733---- block = false","level":"info"}
{"message":"localhost:3000------ POST------ date: 1398/7/14---- time : 14:59:7-----be3f2c71-a4be-4512-a6c7-916cdf8fbb1c-----ip: ::1----Other 0.0.0 / Other 0.0.0---status:200-----idUser :5d983de5e312aa3cf0572241---mobile number :09396561733---- block = false","level":"info"}
{"message":"localhost:3000------ POST------ date: 1398/7/14---- time : 15:19:55-----0e0ee71c-e4a0-45a4-ae6c-d6fa197070c7-----ip: ::1----Other 0.0.0 / Other 0.0.0---status:200-----idUser :5d983de5e312aa3cf0572241---mobile number :09396561733---- block = false","level":"info"}
{"message":"localhost:3000------ POST------ date: 1398/7/14---- time : 15:28:50-----2e3dc857-e7dc-4d70-bd94-7c38b495128d-----ip: ::1----Other 0.0.0 / Other 0.0.0---status:200-----idUser :5d983de5e312aa3cf0572241---mobile number :09396561733---- block = false","level":"info"}
{"message":"localhost:3000------ POST------ date: 1398/7/14---- time : 15:30:2-----1f7fb4d7-be3d-4777-a253-9b07b20f3ced-----ip: ::1----Other 0.0.0 / Other 0.0.0---status:200-----idUser :5d983de5e312aa3cf0572241---mobile number :09396561733---- block = false","level":"info"}
{"message":"localhost:3000------ POST------ date: 1398/7/14---- time : 15:30:25-----0b32e3fa-a9ff-4655-9076-608ed797324b-----ip: ::1----Other 0.0.0 / Other 0.0.0---status:200-----idUser :5d983de5e312aa3cf0572241---mobile number :09396561733---- block = false","level":"info"}
{"message":"localhost:3000------ POST------ date: 1398/7/14---- time : 15:31:21-----32908436-7491-4781-9975-091330243861-----ip: ::1----Other 0.0.0 / Other 0.0.0---status:200-----idUser :5d983de5e312aa3cf0572241---mobile number :09396561733---- block = false","level":"info"}
{"message":"localhost:3000------ POST------ date: 1398/7/14---- time : 15:31:59-----d5bcba24-3c3a-4832-85a2-8ec2519010a4-----ip: ::1----Other 0.0.0 / Other 0.0.0---status:200-----idUser :5d983de5e312aa3cf0572241---mobile number :09396561733---- block = false","level":"info"}
{"message":"localhost:3000------ POST------ date: 1398/7/14---- time : 16:2:50-----94c2260f-e344-4844-8453-9a958cd83e22-----ip: ::1----Other 0.0.0 / Other 0.0.0---status:200-----idUser :5d983de5e312aa3cf0572241---mobile number :09396561733---- block = false","level":"info"}
{"message":"localhost:3000------ POST------ date: 1398/7/14---- time : 16:3:27-----da94e0c2-d352-498f-a1a9-bf189e3464b3-----ip: ::1----Other 0.0.0 / Other 0.0.0---status:200-----idUser :5d983de5e312aa3cf0572241---mobile number :09396561733---- block = false","level":"info"}
{"message":"localhost:3000------ POST------ date: 1398/7/14---- time : 16:4:38-----352b0c8b-a72a-4876-90cb-480d8d5ff789-----ip: ::1----Other 0.0.0 / Other 0.0.0---status:200-----idUser :5d983de5e312aa3cf0572241---mobile number :09396561733---- block = false","level":"info"}
{"message":"localhost:3000------ POST------ date: 1398/7/14---- time : 16:5:1-----edfb5d9d-f244-452f-a9b8-2dc79e220d44-----ip: ::1----Other 0.0.0 / Other 0.0.0---status:200-----idUser :5d983de5e312aa3cf0572241---mobile number :09396561733---- block = false","level":"info"}
{"message":"localhost:3000------ POST------ date: 1398/7/14---- time : 16:5:34-----10bf473b-d225-4c61-9d98-b839a2e596d3-----ip: ::1----Other 0.0.0 / Other 0.0.0---status:200-----idUser :5d983de5e312aa3cf0572241---mobile number :09396561733---- block = false","level":"info"}
{"message":"localhost:3000------ POST------ date: 1398/7/14---- time : 16:6:36-----0025f15c-a894-4fa5-a591-c4e2fb653e5d-----ip: ::1----Other 0.0.0 / Other 0.0.0---status:200-----idUser :5d983de5e312aa3cf0572241---mobile number :09396561733---- block = false","level":"info"}
{"message":"localhost:3000------ POST------ date: 1398/7/14---- time : 16:7:0-----0e1a953a-15f5-49fc-8a89-f1aeb6ed86f4-----ip: ::1----Other 0.0.0 / Other 0.0.0---status:200-----idUser :5d983de5e312aa3cf0572241---mobile number :09396561733---- block = false","level":"info"}
{"message":"localhost:3000------ POST------ date: 1398/7/14---- time : 16:7:15-----945229e6-6d78-4acb-8ff9-b3b0d11d9cbe-----ip: ::1----Other 0.0.0 / Other 0.0.0---status:200-----idUser :5d983de5e312aa3cf0572241---mobile number :09396561733---- block = false","level":"info"}
{"message":"localhost:3000------ POST------ date: 1398/7/14---- time : 16:7:52-----d4266702-baa7-4833-ad94-72cd5e1fd435-----ip: ::1----Other 0.0.0 / Other 0.0.0---status:200-----idUser :5d983de5e312aa3cf0572241---mobile number :09396561733---- block = false","level":"info"}
{"message":"localhost:3000------ POST------ date: 1398/7/14---- time : 16:11:21-----1a9a7746-e54f-465f-bf96-680b8f0b4508-----ip: ::1----Other 0.0.0 / Other 0.0.0---status:200-----idUser :5d983de5e312aa3cf0572241---mobile number :09396561733---- block = false","level":"info"}
{"message":"localhost:3000------ POST------ date: 1398/7/14---- time : 16:16:9-----53a8a2c2-0e91-4307-9908-614789af2898-----ip: ::1----Other 0.0.0 / Other 0.0.0---status:200-----idUser :5d983de5e312aa3cf0572241---mobile number :09396561733---- block = false","level":"info"}
{"message":"localhost:3000------ POST------ date: 1398/7/14---- time : 16:17:24-----2d1b841c-fa61-4de7-9dac-87d89b6363e1-----ip: ::1----Other 0.0.0 / Other 0.0.0---status:200-----idUser :5d983de5e312aa3cf0572241---mobile number :09396561733---- block = false","level":"info"}
{"message":"localhost:3000------ POST------ date: 1398/7/14---- time : 16:18:55-----86b6b9c1-0c53-49ab-9798-f352252e0da3-----ip: ::1----Other 0.0.0 / Other 0.0.0---status:200-----idUser :5d983de5e312aa3cf0572241---mobile number :09396561733---- block = false","level":"info"}
{"message":"localhost:3000------ POST------ date: 1398/7/14---- time : 16:19:53-----cf87ece5-4cb1-4a25-9e30-841f70147d87-----ip: ::1----Other 0.0.0 / Other 0.0.0---status:200-----idUser :5d983de5e312aa3cf0572241---mobile number :09396561733---- block = false","level":"info"}
{"message":"localhost:3000------ POST------ date: 1398/7/14---- time : 16:21:15-----bd8ec64e-f42f-461d-9922-3185e8cb9304-----ip: ::1----Other 0.0.0 / Other 0.0.0---status:200-----idUser :5d983de5e312aa3cf0572241---mobile number :09396561733---- block = false","level":"info"}
{"message":"localhost:3000------ POST------ date: 1398/7/14---- time : 16:23:41-----a1784ad0-b878-455f-be0d-b9e58cb33f13-----ip: ::1----Other 0.0.0 / Other 0.0.0---status:200-----idUser :user not authorize---mobile number :user not authorize---- block = user not authorize","level":"info"}
{"message":"localhost:3000------ POST------ date: 1398/7/14---- time : 16:24:2-----f7be21bd-ab2a-4d55-a93b-5032c0afe3ff-----ip: ::1----Other 0.0.0 / Other 0.0.0---status:200-----idUser :user not authorize---mobile number :user not authorize---- block = user not authorize","level":"info"}
{"message":"localhost:3000------ POST------ date: 1398/7/14---- time : 16:24:8-----3e8047c6-1093-4563-b669-d39132c33df1-----ip: ::1----Other 0.0.0 / Other 0.0.0---status:200-----idUser :user not authorize---mobile number :user not authorize---- block = user not authorize","level":"info"}
{"message":"localhost:3000------ POST------ date: 1398/7/14---- time : 16:30:14-----57995131-2eaa-4e8d-8817-d7cc387fc36d-----ip: ::1----Other 0.0.0 / Other 0.0.0---status:200-----idUser :user not authorize---mobile number :user not authorize---- block = user not authorize","level":"info"}
{"message":"localhost:3000------ POST------ date: 1398/7/14---- time : 16:30:29-----90a027c6-6095-4e7d-ab5c-b13ba0da2224-----ip: ::1----Other 0.0.0 / Other 0.0.0---status:200-----idUser :user not authorize---mobile number :user not authorize---- block = user not authorize","level":"info"}
{"message":"localhost:3000------ POST------ date: 1398/7/14---- time : 16:30:44-----1c28d457-460a-42d5-9c55-709573720b98-----ip: ::1----Other 0.0.0 / Other 0.0.0---status:200-----idUser :user not authorize---mobile number :user not authorize---- block = user not authorize","level":"info"}
{"message":"localhost:3000------ POST------ date: 1398/7/14---- time : 16:32:21-----cf0b6c06-f1d8-41a5-a943-016d9b7289cc-----ip: ::1----Other 0.0.0 / Other 0.0.0---status:200-----idUser :user not authorize---mobile number :user not authorize---- block = user not authorize","level":"info"}
{"message":"localhost:3000------ POST------ date: 1398/7/14---- time : 16:51:1-----2a9cce2e-cbd5-4740-b213-c11a3d0ed9a9-----ip: ::1----Other 0.0.0 / Other 0.0.0---status:200-----idUser :5d983de5e312aa3cf0572241---mobile number :09396561733---- block = false","level":"info"}
{"message":"localhost:3000------ POST------ date: 1398/7/14---- time : 16:51:33-----e155e216-2947-480b-84ab-aedab6225ea1-----ip: ::1----Other 0.0.0 / Other 0.0.0---status:200-----idUser :5d983de5e312aa3cf0572241---mobile number :09396561733---- block = false","level":"info"}
{"message":"localhost:3000------ POST------ date: 1398/7/14---- time : 16:56:38-----6b109022-984d-4fad-bb6f-df7f20fd1868-----ip: ::1----Other 0.0.0 / Other 0.0.0---status:200-----idUser :5d983de5e312aa3cf0572241---mobile number :09396561733---- block = false","level":"info"}
{"message":"localhost:3000------ POST------ date: 1398/7/14---- time : 16:57:5-----a8bb393b-0741-49d2-91d1-d1a5a0cf64d4-----ip: ::1----Other 0.0.0 / Other 0.0.0---status:200-----idUser :5d983de5e312aa3cf0572241---mobile number :09396561733---- block = false","level":"info"}
{"message":"localhost:3000------ POST------ date: 1398/7/14---- time : 16:58:24-----84aed8ff-5616-45cc-b04c-fa784737f8ed-----ip: ::1----Other 0.0.0 / Other 0.0.0---status:200-----idUser :5d983de5e312aa3cf0572241---mobile number :09396561733---- block = false","level":"info"}
{"message":"localhost:3000------ POST------ date: 1398/7/14---- time : 16:59:9-----4c0268e4-d105-40b1-b518-8c56b29db973-----ip: ::1----Other 0.0.0 / Other 0.0.0---status:200-----idUser :5d983de5e312aa3cf0572241---mobile number :09396561733---- block = false","level":"info"}
{"message":"localhost:3000------ POST------ date: 1398/7/14---- time : 16:59:43-----edc3854f-6a2f-4f5f-867d-1fcdf1d4b893-----ip: ::1----Other 0.0.0 / Other 0.0.0---status:200-----idUser :user not authorize---mobile number :user not authorize---- block = user not authorize","level":"info"}
{"message":"localhost:3000------ POST------ date: 1398/7/14---- time : 17:3:3-----580b4ab5-f66b-4837-9a79-0fb28ec78e35-----ip: ::1----Other 0.0.0 / Other 0.0.0---status:200-----idUser :user not authorize---mobile number :user not authorize---- block = user not authorize","level":"info"}
{"message":"localhost:3000------ POST------ date: 1398/7/14---- time : 17:11:18-----4e415b71-d38d-45dd-b2de-92cd3b3de088-----ip: ::1----Other 0.0.0 / Other 0.0.0---status:200-----idUser :5d99e3434ebe4c41a001f7db---mobile number :09121111118---- block = false","level":"info"}
{"message":"localhost:3000------ POST------ date: 1398/7/14---- time : 17:13:28-----6a265062-5017-4fde-9446-831cfccdc71c-----ip: ::1----Other 0.0.0 / Other 0.0.0---status:200-----idUser :5d99e3434ebe4c41a001f7db---mobile number :09121111118---- block = false","level":"info"}
{"message":"localhost:3000------ POST------ date: 1398/7/14---- time : 17:15:2-----72e514a0-ebac-464c-88e8-2bc03dfef28d-----ip: ::1----Other 0.0.0 / Other 0.0.0---status:200-----idUser :5d99e3434ebe4c41a001f7db---mobile number :09121111118---- block = false","level":"info"}
{"message":"localhost:3000------ POST------ date: 1398/7/14---- time : 17:15:42-----6e958d33-b421-41bb-8bdd-49f8b7de400c-----ip: ::1----Other 0.0.0 / Other 0.0.0---status:200-----idUser :5d99e3434ebe4c41a001f7db---mobile number :09121111118---- block = false","level":"info"}
{"message":"localhost:3000------ POST------ date: 1398/7/14---- time : 17:16:20-----704f141a-273a-4bad-b4ad-e8a0f337021e-----ip: ::1----Other 0.0.0 / Other 0.0.0---status:200-----idUser :5d99e3434ebe4c41a001f7db---mobile number :09121111118---- block = false","level":"info"}
{"message":"localhost:3000------ POST------ date: 1398/7/14---- time : 17:16:41-----d12696aa-8c2d-4e8e-b24d-3542a0f730e1-----ip: ::1----Other 0.0.0 / Other 0.0.0---status:200-----idUser :5d99e3434ebe4c41a001f7db---mobile number :09121111118---- block = false","level":"info"}
{"message":"localhost:3000------ POST------ date: 1398/7/14---- time : 17:17:1-----35b0e00b-ec05-45ed-91aa-ea9500091422-----ip: ::1----Other 0.0.0 / Other 0.0.0---status:200-----idUser :5d99e3434ebe4c41a001f7db---mobile number :09121111118---- block = false","level":"info"}
{"message":"localhost:3000------ POST------ date: 1398/7/14---- time : 17:17:48-----6420eebd-5e91-46b8-a8bf-53f2b6bb9d85-----ip: ::1----Other 0.0.0 / Other 0.0.0---status:200-----idUser :5d99e3434ebe4c41a001f7db---mobile number :09121111118---- block = false","level":"info"}
{"message":"localhost:3000------ POST------ date: 1398/7/14---- time : 17:18:43-----455e41bb-215b-4ee0-a4bf-4180450de61e-----ip: ::1----Other 0.0.0 / Other 0.0.0---status:200-----idUser :5d99e3434ebe4c41a001f7db---mobile number :09121111118---- block = false","level":"info"}
{"message":"localhost:3000------ POST------ date: 1398/7/14---- time : 17:21:5-----32496a93-2dd2-4959-abbf-25caea7333b3-----ip: ::1----Other 0.0.0 / Other 0.0.0---status:200-----idUser :5d99e3434ebe4c41a001f7db---mobile number :09121111118---- block = false","level":"info"}
{"message":"localhost:3000------ POST------ date: 1398/7/14---- time : 17:22:31-----86f476d3-f18d-4e93-b0cd-4c1f1652cbb5-----ip: ::1----Other 0.0.0 / Other 0.0.0---status:200-----idUser :5d99e3434ebe4c41a001f7db---mobile number :09121111118---- block = false","level":"info"}
{"message":"localhost:3000------ POST------ date: 1398/7/14---- time : 17:24:50-----6822a89d-244b-4a35-b640-ffc135baca83-----ip: ::1----Other 0.0.0 / Other 0.0.0---status:200-----idUser :user not authorize---mobile number :user not authorize---- block = user not authorize","level":"info"}
{"message":"localhost:3000------ POST------ date: 1398/7/14---- time : 17:24:57-----dc5e6ace-57d2-41b8-9d18-1bee783835ad-----ip: ::1----Other 0.0.0 / Other 0.0.0---status:200-----idUser :user not authorize---mobile number :user not authorize---- block = user not authorize","level":"info"}
{"message":"localhost:3000------ POST------ date: 1398/7/14---- time : 17:25:1-----175dbf9a-d527-4942-a0d9-a7e818443c8e-----ip: ::1----Other 0.0.0 / Other 0.0.0---status:200-----idUser :user not authorize---mobile number :user not authorize---- block = user not authorize","level":"info"}
{"message":"localhost:3000------ POST------ date: 1398/7/14---- time : 17:27:59-----e62ca305-60db-4db6-a09b-72c7a165c236-----ip: ::1----Other 0.0.0 / Other 0.0.0---status:200-----idUser :5d99e3434ebe4c41a001f7db---mobile number :09121111118---- block = false","level":"info"}
{"message":"localhost:3000------ POST------ date: 1398/7/14---- time : 17:31:40-----d57d2eab-40c2-43bb-a8eb-a270ee931003-----ip: ::1----Other 0.0.0 / Other 0.0.0---status:200-----idUser :5d99e3434ebe4c41a001f7db---mobile number :09121111118---- block = false","level":"info"}
{"message":"localhost:3000------ POST------ date: 1398/7/14---- time : 17:31:48-----e0015d33-1ea9-4863-a6a3-2bb43aa39a6b-----ip: ::1----Other 0.0.0 / Other 0.0.0---status:200-----idUser :5d99e3434ebe4c41a001f7db---mobile number :09121111118---- block = false","level":"info"}
{"message":"localhost:3000------ POST------ date: 1398/7/14---- time : 17:32:3-----542347ce-af5e-47e6-9609-194d841aecc7-----ip: ::1----Other 0.0.0 / Other 0.0.0---status:200-----idUser :5d99e3434ebe4c41a001f7db---mobile number :09121111118---- block = false","level":"info"}
{"message":"localhost:3000------ POST------ date: 1398/7/14---- time : 17:33:26-----0da5ec2c-210a-4d1b-9e3b-4c1e758838c0-----ip: ::1----Other 0.0.0 / Other 0.0.0---status:200-----idUser :5d99e3434ebe4c41a001f7db---mobile number :09121111118---- block = false","level":"info"}
{"message":"localhost:3000------ POST------ date: 1398/7/14---- time : 17:34:33-----73240ca5-f339-49ac-821b-d9b9eeeabd3a-----ip: ::1----Other 0.0.0 / Other 0.0.0---status:200-----idUser :5d99e3434ebe4c41a001f7db---mobile number :09121111118---- block = false","level":"info"}
{"message":"localhost:3000------ POST------ date: 1398/7/14---- time : 17:34:48-----e39bbb8b-9430-410c-a739-c05ace103701-----ip: ::1----Other 0.0.0 / Other 0.0.0---status:200-----idUser :user not authorize---mobile number :user not authorize---- block = user not authorize","level":"info"}
{"message":"localhost:3000------ POST------ date: 1398/7/14---- time : 17:34:53-----d9caa536-5909-43d7-8ecd-6659968ef772-----ip: ::1----Other 0.0.0 / Other 0.0.0---status:200-----idUser :user not authorize---mobile number :user not authorize---- block = user not authorize","level":"info"}
{"message":"localhost:3000------ POST------ date: 1398/7/14---- time : 17:34:56-----b3553a8f-b4e5-493c-947f-9f960983c86d-----ip: ::1----Other 0.0.0 / Other 0.0.0---status:200-----idUser :user not authorize---mobile number :user not authorize---- block = user not authorize","level":"info"}
{"message":"localhost:3000------ POST------ date: 1398/7/14---- time : 17:35:57-----d86a9e88-0630-4efa-ad89-5bb59f950116-----ip: ::1----Other 0.0.0 / Other 0.0.0---status:200-----idUser :5d99e3434ebe4c41a001f7db---mobile number :09121111118---- block = false","level":"info"}
{"message":"localhost:3000------ POST------ date: 1398/7/14---- time : 17:36:15-----fd3792fd-aa34-4c9e-a2bd-4f31f113b5c1-----ip: ::ffff:127.0.0.1----Other 0.0.0 / Other 0.0.0---status:200-----idUser :5d99e3434ebe4c41a001f7db---mobile number :09121111118---- block = false","level":"info"}
{"message":"localhost:3000------ POST------ date: 1398/7/14---- time : 17:42:57-----28efdca7-e048-472b-9ed7-1498d3d354dd-----ip: ::1----Other 0.0.0 / Other 0.0.0---status:200-----idUser :5d99e3434ebe4c41a001f7db---mobile number :09121111118---- block = false","level":"info"}
{"message":"localhost:3000------ POST------ date: 1398/7/14---- time : 17:55:29-----6772a162-b83a-4aec-b849-067b7032ffd1-----ip: ::1----Other 0.0.0 / Other 0.0.0---status:200-----idUser :5d99e3434ebe4c41a001f7db---mobile number :09121111118---- block = false","level":"info"}
{"message":"localhost:3000------ POST------ date: 1398/7/14---- time : 17:57:3-----c5aba69a-53ac-4035-9ee3-210dbc2b5eb2-----ip: ::1----Other 0.0.0 / Other 0.0.0---status:200-----idUser :5d99e3434ebe4c41a001f7db---mobile number :09121111118---- block = false","level":"info"}
{"message":"localhost:3000------ POST------ date: 1398/7/14---- time : 17:57:17-----966f07c4-f66c-440b-827f-67de25ddee28-----ip: ::1----Other 0.0.0 / Other 0.0.0---status:200-----idUser :5d99e3434ebe4c41a001f7db---mobile number :09121111118---- block = false","level":"info"}
{"message":"localhost:3000------ POST------ date: 1398/7/14---- time : 17:58:26-----1a70c8af-47e6-4280-a563-2d5e4a5a08d7-----ip: ::1----Other 0.0.0 / Other 0.0.0---status:200-----idUser :5d99e3434ebe4c41a001f7db---mobile number :09121111118---- block = false","level":"info"}
{"message":"localhost:3000------ POST------ date: 1398/7/14---- time : 17:58:34-----f384f5b0-c757-41ec-bdfe-d0b15e7329c3-----ip: ::1----Other 0.0.0 / Other 0.0.0---status:200-----idUser :5d99e3434ebe4c41a001f7db---mobile number :09121111118---- block = false","level":"info"}
{"message":"localhost:3000------ POST------ date: 1398/7/14---- time : 18:0:2-----f6e9f7fa-4487-4659-a0f4-fbec627d9ff3-----ip: ::1----Other 0.0.0 / Other 0.0.0---status:200-----idUser :5d99e3434ebe4c41a001f7db---mobile number :09121111118---- block = false","level":"info"}
{"message":"localhost:3000------ POST------ date: 1398/7/14---- time : 18:0:22-----31be9fb5-314c-4d48-a6cf-a856cabd1a9c-----ip: ::1----Other 0.0.0 / Other 0.0.0---status:200-----idUser :5d99e3434ebe4c41a001f7db---mobile number :09121111118---- block = false","level":"info"}
{"message":"localhost:3000------ POST------ date: 1398/7/14---- time : 18:6:4-----f418d08c-03b2-4226-b8f0-70347f2c7fde-----ip: ::1----Other 0.0.0 / Other 0.0.0---status:200-----idUser :5d983de5e312aa3cf0572241---mobile number :09396561733---- block = false","level":"info"}
{"message":"localhost:3000------ POST------ date: 1398/7/14---- time : 18:6:16-----db97b00e-301d-4db4-9717-386974de38d0-----ip: ::1----Other 0.0.0 / Other 0.0.0---status:200-----idUser :user not authorize---mobile number :user not authorize---- block = user not authorize","level":"info"}
{"message":"localhost:3000------ POST------ date: 1398/7/14---- time : 18:6:28-----bcfea3ef-562f-45f7-9b83-b3779b74461a-----ip: ::1----Other 0.0.0 / Other 0.0.0---status:200-----idUser :5d99fbd49b8f3155d83e1265---mobile number :09121111118---- block = false","level":"info"}
{"message":"localhost:3000------ POST------ date: 1398/7/14---- time : 18:6:45-----0e3594dd-054d-4dc9-9a21-ff458d9bed04-----ip: ::1----Other 0.0.0 / Other 0.0.0---status:200-----idUser :user not authorize---mobile number :user not authorize---- block = user not authorize","level":"info"}
{"message":"localhost:3000------ POST------ date: 1398/7/14---- time : 18:7:3-----8c01e249-4119-4307-b5c8-6cbce30e6a1b-----ip: ::1----Other 0.0.0 / Other 0.0.0---status:200-----idUser :user not authorize---mobile number :user not authorize---- block = user not authorize","level":"info"}
{"message":"localhost:3000------ POST------ date: 1398/7/14---- time : 18:7:8-----9b7a73c3-71bf-4a3c-a69c-edafd00abc4c-----ip: ::1----Other 0.0.0 / Other 0.0.0---status:200-----idUser :user not authorize---mobile number :user not authorize---- block = user not authorize","level":"info"}
{"message":"localhost:3000------ POST------ date: 1398/7/14---- time : 18:7:12-----01a60579-dc54-4744-9039-ceb3a5da2463-----ip: ::1----Other 0.0.0 / Other 0.0.0---status:200-----idUser :5d99fbd49b8f3155d83e1265---mobile number :09121111118---- block = false","level":"info"}
{"message":"localhost:3000------ POST------ date: 1398/7/14---- time : 18:7:35-----104a9077-5055-4022-97f7-8a254e1a998e-----ip: ::1----Other 0.0.0 / Other 0.0.0---status:200-----idUser :5d99fbd49b8f3155d83e1265---mobile number :09121111118---- block = false","level":"info"}
{"message":"localhost:3000------ POST------ date: 1398/7/14---- time : 18:8:2-----e2ae1bd8-4e2f-48ab-88e0-a3e9481bba3e-----ip: ::1----Other 0.0.0 / Other 0.0.0---status:200-----idUser :user not authorize---mobile number :user not authorize---- block = user not authorize","level":"info"}
{"message":"localhost:3000------ POST------ date: 1398/7/14---- time : 18:9:22-----bba5e8db-3d9a-4af5-b57a-929069b6664f-----ip: ::1----Other 0.0.0 / Other 0.0.0---status:200-----idUser :user not authorize---mobile number :user not authorize---- block = user not authorize","level":"info"}
{"message":"localhost:3000------ POST------ date: 1398/7/14---- time : 18:9:34-----074201af-6f96-4587-a361-766bd39c85de-----ip: ::1----Other 0.0.0 / Other 0.0.0---status:200-----idUser :5d99fbd49b8f3155d83e1265---mobile number :09121111118---- block = false","level":"info"}
{"message":"localhost:3000------ POST------ date: 1398/7/14---- time : 18:9:57-----18ce8883-6d39-4c26-aea4-97acb3a8ab29-----ip: ::1----Other 0.0.0 / Other 0.0.0---status:200-----idUser :user not authorize---mobile number :user not authorize---- block = user not authorize","level":"info"}
{"message":"localhost:3000------ POST------ date: 1398/7/14---- time : 18:10:1-----2a7780c6-eea3-4e3e-9516-57cad1a10dec-----ip: ::1----Other 0.0.0 / Other 0.0.0---status:200-----idUser :5d99fbd49b8f3155d83e1265---mobile number :09121111118---- block = false","level":"info"}
{"message":"localhost:3000------ POST------ date: 1398/7/14---- time : 18:10:51-----4232189b-7847-47dd-baf5-7b823ea1d2b4-----ip: ::1----Other 0.0.0 / Other 0.0.0---status:200-----idUser :5d99fbd49b8f3155d83e1265---mobile number :09121111118---- block = false","level":"info"}
{"message":"localhost:3000------ POST------ date: 1398/7/14---- time : 18:12:7-----afb69b60-ae03-4b26-a3ba-a7c36aba07ad-----ip: ::1----Other 0.0.0 / Other 0.0.0---status:200-----idUser :5d99fbd49b8f3155d83e1265---mobile number :09121111118---- block = false","level":"info"}
{"message":"localhost:3000------ POST------ date: 1398/7/14---- time : 18:13:13-----35f7f9bc-8f5e-456d-92b2-48bdde5eb750-----ip: ::1----Other 0.0.0 / Other 0.0.0---status:200-----idUser :5d99fbd49b8f3155d83e1265---mobile number :09121111118---- block = false","level":"info"}
{"message":"localhost:3000------ POST------ date: 1398/7/14---- time : 18:13:50-----d7cac524-1f4b-4dc8-8818-8600a026c59c-----ip: ::1----Other 0.0.0 / Other 0.0.0---status:200-----idUser :5d99fbd49b8f3155d83e1265---mobile number :09121111118---- block = false","level":"info"}
{"message":"localhost:3000------ POST------ date: 1398/7/14---- time : 18:15:12-----ced734c9-16fb-4ae1-a3ba-a2f2760cec95-----ip: ::1----Other 0.0.0 / Other 0.0.0---status:200-----idUser :5d99fbd49b8f3155d83e1265---mobile number :09121111118---- block = false","level":"info"}
{"message":"localhost:3000------ POST------ date: 1398/7/14---- time : 18:16:43-----5e62ef73-d49d-4455-90c5-44f3a9942635-----ip: ::1----Other 0.0.0 / Other 0.0.0---status:200-----idUser :5d99fbd49b8f3155d83e1265---mobile number :09121111118---- block = false","level":"info"}
{"message":"localhost:3000------ POST------ date: 1398/7/14---- time : 18:18:22-----f49bb2d8-60a3-4217-b3f3-a92855feaf07-----ip: ::1----Other 0.0.0 / Other 0.0.0---status:200-----idUser :5d99fbd49b8f3155d83e1265---mobile number :09121111118---- block = false","level":"info"}
{"message":"localhost:3000------ POST------ date: 1398/7/14---- time : 18:18:27-----b05424d7-1615-4db1-92d9-905b658bfdc3-----ip: ::1----Other 0.0.0 / Other 0.0.0---status:200-----idUser :5d99fbd49b8f3155d83e1265---mobile number :09121111118---- block = false","level":"info"}
{"message":"localhost:3000------ POST------ date: 1398/7/14---- time : 18:18:39-----8a745b7c-2d46-4e38-b8c2-6f1ce94e766e-----ip: ::1----Other 0.0.0 / Other 0.0.0---status:200-----idUser :5d99fbd49b8f3155d83e1265---mobile number :09121111118---- block = false","level":"info"}
{"message":"localhost:3000------ POST------ date: 1398/7/14---- time : 18:19:32-----236c8c7f-245b-4847-89fb-cbbbb7c7e4aa-----ip: ::1----Other 0.0.0 / Other 0.0.0---status:200-----idUser :5d99fbd49b8f3155d83e1265---mobile number :09121111118---- block = false","level":"info"}
{"message":"localhost:3000------ POST------ date: 1398/7/14---- time : 18:20:31-----462a85b6-f404-40ba-9160-a2d5b3c21f79-----ip: ::1----Other 0.0.0 / Other 0.0.0---status:200-----idUser :5d99fbd49b8f3155d83e1265---mobile number :09121111118---- block = false","level":"info"}
{"message":"localhost:3000------ POST------ date: 1398/7/14---- time : 18:20:59-----23f2756a-a5ff-4952-8c48-ba519e915137-----ip: ::1----Other 0.0.0 / Other 0.0.0---status:200-----idUser :user not authorize---mobile number :user not authorize---- block = user not authorize","level":"info"}
{"message":"localhost:3000------ POST------ date: 1398/7/14---- time : 18:22:35-----58677e5d-b3aa-4153-94eb-8629a1c79553-----ip: ::1----Other 0.0.0 / Other 0.0.0---status:200-----idUser :5d99fbd49b8f3155d83e1265---mobile number :09121111118---- block = false","level":"info"}
{"message":"localhost:3000------ POST------ date: 1398/7/14---- time : 18:23:26-----2266821f-0de0-40e2-a708-ec678e7bc962-----ip: ::1----Other 0.0.0 / Other 0.0.0---status:200-----idUser :5d99fbd49b8f3155d83e1265---mobile number :09121111118---- block = false","level":"info"}
{"message":"localhost:3000------ POST------ date: 1398/7/14---- time : 18:23:45-----e3a84c47-a028-441a-9ea9-f6d6940c8c16-----ip: ::ffff:127.0.0.1----Other 0.0.0 / Other 0.0.0---status:200-----idUser :5d99fbd49b8f3155d83e1265---mobile number :09121111118---- block = false","level":"info"}
{"message":"localhost:3000------ POST------ date: 1398/7/14---- time : 18:25:19-----c9f1a106-3f24-4cfd-ba1c-38d43e08d853-----ip: ::1----Other 0.0.0 / Other 0.0.0---status:200-----idUser :5d99fbd49b8f3155d83e1265---mobile number :09121111118---- block = false","level":"info"}
{"message":"localhost:3000------ POST------ date: 1398/7/14---- time : 18:26:12-----625d4a12-7930-4993-b89e-7418cad15fd0-----ip: ::1----Other 0.0.0 / Other 0.0.0---status:200-----idUser :5d99fbd49b8f3155d83e1265---mobile number :09121111118---- block = false","level":"info"}
{"message":"localhost:3000------ POST------ date: 1398/7/14---- time : 18:27:30-----d6019f66-cc95-465e-b3b4-7c29747768c6-----ip: ::1----Other 0.0.0 / Other 0.0.0---status:200-----idUser :5d99fbd49b8f3155d83e1265---mobile number :09121111118---- block = false","level":"info"}
{"message":"localhost:3000------ POST------ date: 1398/7/14---- time : 18:27:52-----716f851e-43f8-4174-b532-e0a140026cbb-----ip: ::1----Other 0.0.0 / Other 0.0.0---status:200-----idUser :5d99fbd49b8f3155d83e1265---mobile number :09121111118---- block = false","level":"info"}
{"message":"localhost:3000------ POST------ date: 1398/7/14---- time : 18:30:40-----acefb502-3b3b-4ee9-acef-8c3ea27ddf49-----ip: ::1----Other 0.0.0 / Other 0.0.0---status:200-----idUser :5d99fbd49b8f3155d83e1265---mobile number :09121111118---- block = false","level":"info"}
{"message":"localhost:3000------ POST------ date: 1398/7/14---- time : 18:31:35-----3b58106e-788e-46a5-bcdc-6f2c46319eda-----ip: ::1----Other 0.0.0 / Other 0.0.0---status:200-----idUser :5d99fbd49b8f3155d83e1265---mobile number :09121111118---- block = false","level":"info"}
{"message":"localhost:3000------ POST------ date: 1398/7/14---- time : 22:31:27-----2fc4d9f2-efeb-4951-90df-eea400d22f65-----ip: ::1----Other 0.0.0 / Other 0.0.0---status:200-----idUser :user not authorize---mobile number :user not authorize---- block = user not authorize","level":"info"}
{"message":"localhost:3000------ POST------ date: 1398/7/14---- time : 22:34:8-----585a03d0-72cd-4b6f-a4f8-c69a8884d7db-----ip: ::1----Other 0.0.0 / Other 0.0.0---status:200-----idUser :user not authorize---mobile number :user not authorize---- block = user not authorize","level":"info"}
{"message":"localhost:3000------ POST------ date: 1398/7/14---- time : 22:37:46-----1d5b1abc-6787-47ea-96f4-78ca8b5613de-----ip: ::1----Other 0.0.0 / Other 0.0.0---status:200-----idUser :5d9a3a086131ee29e8b14092---mobile number :09121111118---- block = false","level":"info"}
{"message":"localhost:3000------ POST------ date: 1398/7/14---- time : 22:40:38-----3f9e4641-cf4c-491c-90ca-857260263d1a-----ip: ::1----Other 0.0.0 / Other 0.0.0---status:200-----idUser :5d9a3a086131ee29e8b14092---mobile number :09121111118---- block = false","level":"info"}
{"message":"localhost:3000------ POST------ date: 1398/7/14---- time : 22:41:29-----4b1d894e-106d-46cf-a935-88e9eb529e01-----ip: ::1----Other 0.0.0 / Other 0.0.0---status:200-----idUser :5d9a3a086131ee29e8b14092---mobile number :09121111118---- block = false","level":"info"}
{"message":"localhost:3000------ POST------ date: 1398/7/14---- time : 22:43:19-----8a145920-0704-4d1b-9015-f634b92b9e07-----ip: ::1----Other 0.0.0 / Other 0.0.0---status:200-----idUser :5d9a3a086131ee29e8b14092---mobile number :09121111118---- block = false","level":"info"}
{"message":"localhost:3000------ POST------ date: 1398/7/14---- time : 22:43:30-----e5c47c9d-86b4-4757-a15f-6dbdd35ee49a-----ip: ::1----Other 0.0.0 / Other 0.0.0---status:200-----idUser :5d9a3a086131ee29e8b14092---mobile number :09121111118---- block = false","level":"info"}
{"message":"localhost:3000------ POST------ date: 1398/7/14---- time : 22:44:5-----3ca68ba1-f125-49e3-9d0b-b192560f6e1b-----ip: ::ffff:127.0.0.1----Other 0.0.0 / Other 0.0.0---status:200-----idUser :5d9a3a086131ee29e8b14092---mobile number :09121111118---- block = false","level":"info"}
{"message":"localhost:3000------ POST------ date: 1398/7/14---- time : 22:44:32-----7ccaf836-aafc-4cba-b29a-fd853da75ec6-----ip: ::1----Other 0.0.0 / Other 0.0.0---status:200-----idUser :5d9a3a086131ee29e8b14092---mobile number :09121111118---- block = false","level":"info"}
{"message":"localhost:3000------ POST------ date: 1398/7/14---- time : 22:44:41-----cc1b7289-a45f-4c43-bfff-e237cac4c1ed-----ip: ::ffff:127.0.0.1----Other 0.0.0 / Other 0.0.0---status:200-----idUser :5d9a3a086131ee29e8b14092---mobile number :09121111118---- block = false","level":"info"}
{"message":"localhost:3000------ POST------ date: 1398/7/14---- time : 22:45:44-----66b7ba76-0ca2-4651-ac39-a4896511881f-----ip: ::ffff:127.0.0.1----Other 0.0.0 / Other 0.0.0---status:200-----idUser :5d9a3a086131ee29e8b14092---mobile number :09121111118---- block = false","level":"info"}
{"message":"localhost:3000------ POST------ date: 1398/7/14---- time : 22:46:25-----ebbf67c9-6038-45b8-a0f4-b8fbcc79c1b9-----ip: ::1----Other 0.0.0 / Other 0.0.0---status:200-----idUser :5d9a3a086131ee29e8b14092---mobile number :09121111118---- block = false","level":"info"}
{"message":"localhost:3000------ POST------ date: 1398/7/14---- time : 22:46:40-----65ac7f72-2254-4a50-8ae2-339cd80eba2a-----ip: ::1----Other 0.0.0 / Other 0.0.0---status:200-----idUser :5d9a3a086131ee29e8b14092---mobile number :09121111118---- block = false","level":"info"}
{"message":"localhost:3000------ POST------ date: 1398/7/14---- time : 22:47:19-----e8dadf0f-df27-4967-8998-7607dfd0e4e1-----ip: ::1----Other 0.0.0 / Other 0.0.0---status:200-----idUser :5d9a3a086131ee29e8b14092---mobile number :09121111118---- block = false","level":"info"}
{"message":"localhost:3000------ POST------ date: 1398/7/14---- time : 22:49:2-----e9fe1ee6-6c03-4b92-a074-30883f25117f-----ip: ::1----Other 0.0.0 / Other 0.0.0---status:200-----idUser :user not authorize---mobile number :user not authorize---- block = user not authorize","level":"info"}
{"message":"localhost:3000------ POST------ date: 1398/7/14---- time : 22:49:26-----d54029f3-adfc-4013-9bbd-45bfdebac57b-----ip: ::1----Other 0.0.0 / Other 0.0.0---status:200-----idUser :5d9a3b8277d38a19808df1bd---mobile number :09121111111---- block = false","level":"info"}
{"message":"localhost:3000------ POST------ date: 1398/7/14---- time : 22:50:0-----455c2b20-d67e-4b14-ad18-f0373fa08007-----ip: ::1----Other 0.0.0 / Other 0.0.0---status:200-----idUser :5d9a3b8277d38a19808df1bd---mobile number :09121111111---- block = false","level":"info"}
{"message":"localhost:3000------ POST------ date: 1398/7/14---- time : 22:50:58-----a43c48b6-5fe2-4980-b6ba-a13b58b279c5-----ip: ::1----Other 0.0.0 / Other 0.0.0---status:200-----idUser :5d9a3b8277d38a19808df1bd---mobile number :09121111111---- block = false","level":"info"}
{"message":"localhost:3000------ POST------ date: 1398/7/14---- time : 22:52:15-----39a86b4a-cff2-4a9f-a30b-3538796f7f7d-----ip: ::1----Other 0.0.0 / Other 0.0.0---status:200-----idUser :5d9a3b8277d38a19808df1bd---mobile number :09121111111---- block = false","level":"info"}
{"message":"localhost:3000------ POST------ date: 1398/7/14---- time : 22:52:49-----c8d2610d-7519-4a66-b96c-fcd64fe9fc8a-----ip: ::ffff:127.0.0.1----Other 0.0.0 / Other 0.0.0---status:200-----idUser :5d9a3b8277d38a19808df1bd---mobile number :09121111111---- block = false","level":"info"}
{"message":"localhost:3000------ POST------ date: 1398/7/14---- time : 22:53:0-----ff14a81c-65a7-432e-aa4b-443516b11e80-----ip: ::1----Other 0.0.0 / Other 0.0.0---status:200-----idUser :5d9a3b8277d38a19808df1bd---mobile number :09121111111---- block = false","level":"info"}
{"message":"localhost:3000------ POST------ date: 1398/7/14---- time : 23:11:11-----a3b86cfd-f588-41b8-9059-0096fe422f1c-----ip: ::1----Other 0.0.0 / Other 0.0.0---status:200-----idUser :5d9a3b8277d38a19808df1bd---mobile number :09121111111---- block = false","level":"info"}
{"message":"localhost:3000------ POST------ date: 1398/7/14---- time : 23:12:6-----8f2c2175-74c0-44f5-8c78-b8fa64a632a6-----ip: ::1----Other 0.0.0 / Other 0.0.0---status:200-----idUser :5d9a3b8277d38a19808df1bd---mobile number :09121111111---- block = false","level":"info"}
{"message":"localhost:3000------ POST------ date: 1398/7/14---- time : 23:13:14-----5586fbdc-da31-4f53-9593-f25ebebe09d9-----ip: ::1----Other 0.0.0 / Other 0.0.0---status:200-----idUser :5d9a3b8277d38a19808df1bd---mobile number :09121111111---- block = false","level":"info"}
{"message":"localhost:3000------ POST------ date: 1398/7/14---- time : 23:13:46-----a96b8fb1-0788-4b98-a89d-eae40ee3bef5-----ip: ::1----Other 0.0.0 / Other 0.0.0---status:200-----idUser :5d9a3b8277d38a19808df1bd---mobile number :09121111111---- block = false","level":"info"}
{"message":"localhost:3000------ POST------ date: 1398/7/14---- time : 23:14:48-----5ee9f275-2429-494f-9596-6c887d4da476-----ip: ::1----Other 0.0.0 / Other 0.0.0---status:200-----idUser :5d9a3b8277d38a19808df1bd---mobile number :09121111111---- block = false","level":"info"}
{"message":"localhost:3000------ POST------ date: 1398/7/14---- time : 23:18:56-----c09e58ea-e782-4bb8-b08e-dc5b1d712606-----ip: ::1----Other 0.0.0 / Other 0.0.0---status:200-----idUser :5d9a3b8277d38a19808df1bd---mobile number :09121111111---- block = false","level":"info"}
{"message":"localhost:3000------ POST------ date: 1398/7/14---- time : 23:19:48-----bdab9d66-9b41-4fb4-810a-c84db6d1bf3a-----ip: ::1----Other 0.0.0 / Other 0.0.0---status:200-----idUser :5d9a3b8277d38a19808df1bd---mobile number :09121111111---- block = false","level":"info"}
{"message":"localhost:3000------ POST------ date: 1398/7/14---- time : 23:20:45-----90139cbf-6c87-4ed7-9877-1d5d424abf4c-----ip: ::1----Other 0.0.0 / Other 0.0.0---status:200-----idUser :5d9a3b8277d38a19808df1bd---mobile number :09121111111---- block = false","level":"info"}
{"message":"localhost:3000------ POST------ date: 1398/7/14---- time : 23:27:56-----664841cd-de8f-4893-8a48-394d446afac5-----ip: ::1----Other 0.0.0 / Other 0.0.0---status:200-----idUser :5d9a3b8277d38a19808df1bd---mobile number :09121111111---- block = false","level":"info"}
{"message":"localhost:3000------ POST------ date: 1398/7/14---- time : 23:28:29-----88e37dbc-afae-4cfb-9e9c-8c33495054d0-----ip: ::1----Other 0.0.0 / Other 0.0.0---status:200-----idUser :5d9a3b8277d38a19808df1bd---mobile number :09121111111---- block = false","level":"info"}
{"message":"localhost:3000------ POST------ date: 1398/7/14---- time : 23:30:20-----04352ce4-cf19-4b13-9964-4e4b220e5a90-----ip: ::1----Other 0.0.0 / Other 0.0.0---status:200-----idUser :5d9a3b8277d38a19808df1bd---mobile number :09121111111---- block = false","level":"info"}
{"message":"localhost:3000------ POST------ date: 1398/7/14---- time : 23:31:0-----3f2eb374-0ae9-4634-957d-f500b83f36e1-----ip: ::1----Other 0.0.0 / Other 0.0.0---status:200-----idUser :5d9a3b8277d38a19808df1bd---mobile number :09121111111---- block = false","level":"info"}
{"message":"localhost:3000------ POST------ date: 1398/7/14---- time : 23:31:26-----276c6e40-7f73-4eac-8daa-b0a4573b87bd-----ip: ::1----Other 0.0.0 / Other 0.0.0---status:200-----idUser :5d9a3b8277d38a19808df1bd---mobile number :09121111111---- block = false","level":"info"}
{"message":"localhost:3000------ POST------ date: 1398/7/14---- time : 23:31:38-----18b52c97-23ea-4407-9518-cbf00966b87e-----ip: ::ffff:127.0.0.1----Other 0.0.0 / Other 0.0.0---status:200-----idUser :5d9a3b8277d38a19808df1bd---mobile number :09121111111---- block = false","level":"info"}
{"message":"localhost:3000------ POST------ date: 1398/7/14---- time : 23:31:51-----fbadd87f-a2f7-4c3a-929b-69bcaaf19f26-----ip: ::1----Other 0.0.0 / Other 0.0.0---status:200-----idUser :5d9a3b8277d38a19808df1bd---mobile number :09121111111---- block = false","level":"info"}
{"message":"localhost:3000------ POST------ date: 1398/7/14---- time : 23:32:25-----e351f04f-2fd5-43cd-8415-0d3e58cba943-----ip: ::ffff:127.0.0.1----Other 0.0.0 / Other 0.0.0---status:200-----idUser :5d9a3b8277d38a19808df1bd---mobile number :09121111111---- block = false","level":"info"}
{"message":"localhost:3000------ POST------ date: 1398/7/14---- time : 23:34:46-----92346511-c6cb-4e74-9cae-b892e43ec38e-----ip: ::1----Other 0.0.0 / Other 0.0.0---status:200-----idUser :5d9a3b8277d38a19808df1bd---mobile number :09121111111---- block = false","level":"info"}
{"message":"localhost:3000------ POST------ date: 1398/7/14---- time : 23:35:32-----e6c1b634-dfc7-4ed2-af51-6fa253a7d414-----ip: ::1----Other 0.0.0 / Other 0.0.0---status:200-----idUser :5d9a3b8277d38a19808df1bd---mobile number :09121111111---- block = false","level":"info"}
{"message":"localhost:3000------ POST------ date: 1398/7/14---- time : 23:36:33-----80afb5ad-dcce-4fb6-a5f1-c386a6c390a3-----ip: ::1----Other 0.0.0 / Other 0.0.0---status:200-----idUser :5d9a3b8277d38a19808df1bd---mobile number :09121111111---- block = false","level":"info"}
{"message":"localhost:3000------ POST------ date: 1398/7/14---- time : 23:41:22-----d519a945-0ce3-49ca-9e86-449963583ca5-----ip: ::1----Other 0.0.0 / Other 0.0.0---status:200-----idUser :5d9a3b8277d38a19808df1bd---mobile number :09121111111---- block = false","level":"info"}
{"message":"localhost:3000------ POST------ date: 1398/7/14---- time : 23:41:37-----caaecda3-aa93-429c-a87c-f6f9616a9d83-----ip: ::1----Other 0.0.0 / Other 0.0.0---status:200-----idUser :5d9a3b8277d38a19808df1bd---mobile number :09121111111---- block = false","level":"info"}
{"message":"localhost:3000------ POST------ date: 1398/7/14---- time : 23:42:10-----4062c473-b6ac-4e3e-843c-7cbeb11f84c4-----ip: ::1----Other 0.0.0 / Other 0.0.0---status:200-----idUser :5d9a3b8277d38a19808df1bd---mobile number :09121111111---- block = false","level":"info"}
{"message":"localhost:3000------ POST------ date: 1398/7/14---- time : 23:42:22-----164f3cfc-2da7-4832-a51d-bca745f9db11-----ip: ::ffff:127.0.0.1----Other 0.0.0 / Other 0.0.0---status:200-----idUser :5d9a3b8277d38a19808df1bd---mobile number :09121111111---- block = false","level":"info"}
{"message":"localhost:3000------ POST------ date: 1398/7/14---- time : 23:42:36-----6c5cd746-e23f-4c5a-a822-0775978f097e-----ip: ::1----Other 0.0.0 / Other 0.0.0---status:200-----idUser :5d9a3b8277d38a19808df1bd---mobile number :09121111111---- block = false","level":"info"}
{"message":"localhost:3000------ POST------ date: 1398/7/14---- time : 23:42:57-----21bf65ab-d698-41a2-ba87-29162e7b9319-----ip: ::1----Other 0.0.0 / Other 0.0.0---status:200-----idUser :5d9a3b8277d38a19808df1bd---mobile number :09121111111---- block = false","level":"info"}
{"message":"localhost:3000------ POST------ date: 1398/7/14---- time : 23:45:28-----a38b498c-b748-4d7e-bed1-cd0fd83a783e-----ip: ::ffff:127.0.0.1----Other 0.0.0 / Other 0.0.0---status:200-----idUser :5d9a3b8277d38a19808df1bd---mobile number :09121111111---- block = false","level":"info"}
{"message":"localhost:3000------ POST------ date: 1398/7/14---- time : 23:56:35-----008a47f2-2fe4-446b-b91a-7fea704dd6eb-----ip: ::1----Other 0.0.0 / Other 0.0.0---status:200-----idUser :5d9a3b8277d38a19808df1bd---mobile number :09121111111---- block = false","level":"info"}
{"message":"localhost:3000------ POST------ date: 1398/7/14---- time : 23:57:49-----d35efa58-0140-4d42-b6cc-777f4c68bcdb-----ip: ::1----Other 0.0.0 / Other 0.0.0---status:200-----idUser :5d9a3b8277d38a19808df1bd---mobile number :09121111111---- block = false","level":"info"}
{"message":"localhost:3000------ POST------ date: 1398/7/14---- time : 23:58:18-----ff7f0935-0267-4b70-b605-dff71398a74c-----ip: ::1----Other 0.0.0 / Other 0.0.0---status:200-----idUser :5d9a3b8277d38a19808df1bd---mobile number :09121111111---- block = false","level":"info"}
{"message":"localhost:3000------ POST------ date: 1398/7/14---- time : 23:59:32-----4cb91f82-2ca7-4b8f-a387-98ebd3689733-----ip: ::1----Other 0.0.0 / Other 0.0.0---status:200-----idUser :5d9a3b8277d38a19808df1bd---mobile number :09121111111---- block = false","level":"info"}
{"message":"localhost:3000------ POST------ date: 1398/7/14---- time : 23:59:51-----22929410-c7ab-4098-88e6-40e82a840ff1-----ip: ::ffff:127.0.0.1----Other 0.0.0 / Other 0.0.0---status:200-----idUser :5d9a3b8277d38a19808df1bd---mobile number :09121111111---- block = false","level":"info"}
