{"message":"localhost:3000------ POST------ date: 1398/7/10---- time : 11:25:41-----6fefa36b-af3e-4e5d-bf1b-0851174735c8-----ip: ::1----Other 0.0.0 / Other 0.0.0---status:200-----idUser :user not authorize---mobile number :user not authorize---- block = user not authorize","level":"info"}
{"message":"localhost:3000------ POST------ date: 1398/7/10---- time : 11:26:20-----a6764482-56f2-41ee-97f4-f4ace6160fe4-----ip: ::1----Other 0.0.0 / Other 0.0.0---status:200-----idUser :user not authorize---mobile number :user not authorize---- block = user not authorize","level":"info"}
{"message":"localhost:3000------ POST------ date: 1398/7/10---- time : 11:27:40-----4d8736a8-e926-4144-a7eb-e8d57c83c050-----ip: ::1----Other 0.0.0 / Other 0.0.0---status:200-----idUser :user not authorize---mobile number :user not authorize---- block = user not authorize","level":"info"}
{"message":"localhost:3000------ POST------ date: 1398/7/10---- time : 11:28:5-----f14aa0ee-700d-4546-9377-97d6673aee47-----ip: ::1----Other 0.0.0 / Other 0.0.0---status:200-----idUser :user not authorize---mobile number :user not authorize---- block = user not authorize","level":"info"}
{"message":"localhost:3000------ POST------ date: 1398/7/10---- time : 11:28:30-----f3f5b858-1c2c-4311-8bf1-5bfca8337017-----ip: ::1----Other 0.0.0 / Other 0.0.0---status:200-----idUser :user not authorize---mobile number :user not authorize---- block = user not authorize","level":"info"}
{"message":"localhost:3000------ POST------ date: 1398/7/10---- time : 11:30:33-----3afdfb0a-0e52-4b5f-8102-b13b34a62f14-----ip: ::1----Other 0.0.0 / Other 0.0.0---status:200-----idUser :user not authorize---mobile number :user not authorize---- block = user not authorize","level":"info"}
{"message":"localhost:3000------ POST------ date: 1398/7/10---- time : 11:33:48-----2a5fac21-1121-4dd5-8fe3-19ccd3cbcf2f-----ip: ::1----Other 0.0.0 / Other 0.0.0---status:200-----idUser :5d9458a654afa83c58d5b4b1---mobile number :0911329811---- block = false","level":"info"}
{"message":"localhost:3000------ POST------ date: 1398/7/10---- time : 11:35:32-----fcae1430-d184-42c8-9a6f-892b1e1cfcad-----ip: ::1----Other 0.0.0 / Other 0.0.0---status:200-----idUser :5d9458a654afa83c58d5b4b1---mobile number :0911329811---- block = false","level":"info"}
{"message":"localhost:3000------ POST------ date: 1398/7/10---- time : 11:36:31-----14761d6a-ac5d-4ed9-9250-50bc3b41829a-----ip: ::1----Other 0.0.0 / Other 0.0.0---status:200-----idUser :5d9458a654afa83c58d5b4b1---mobile number :0911329811---- block = false","level":"info"}
{"message":"localhost:3000------ POST------ date: 1398/7/10---- time : 11:38:44-----a3312a7a-6414-47ef-9d0c-92e5815b3bee-----ip: ::1----Other 0.0.0 / Other 0.0.0---status:200-----idUser :5d9458a654afa83c58d5b4b1---mobile number :0911329811---- block = false","level":"info"}
{"message":"localhost:3000------ POST------ date: 1398/7/10---- time : 11:43:32-----8c322176-576d-45f3-838d-0530806000e3-----ip: ::1----Other 0.0.0 / Other 0.0.0---status:200-----idUser :5d9458a654afa83c58d5b4b1---mobile number :0911329811---- block = false","level":"info"}
{"message":"localhost:3000------ POST------ date: 1398/7/10---- time : 11:45:41-----f2198adc-5e08-462a-9a80-0493db097336-----ip: ::1----Other 0.0.0 / Other 0.0.0---status:200-----idUser :5d9458a654afa83c58d5b4b1---mobile number :0911329811---- block = false","level":"info"}
{"message":"localhost:3000------ POST------ date: 1398/7/10---- time : 11:47:2-----e497e31b-4501-440e-b8b5-5e175cd5041a-----ip: ::1----Other 0.0.0 / Other 0.0.0---status:200-----idUser :5d9458a654afa83c58d5b4b1---mobile number :0911329811---- block = false","level":"info"}
{"message":"localhost:3000------ POST------ date: 1398/7/10---- time : 11:48:49-----133dbbb5-5de3-4613-a1f1-669c17e5b608-----ip: ::1----Other 0.0.0 / Other 0.0.0---status:200-----idUser :5d9458a654afa83c58d5b4b1---mobile number :0911329811---- block = false","level":"info"}
{"message":"localhost:3000------ POST------ date: 1398/7/10---- time : 11:48:59-----632a7a24-0fa0-4a0c-a87c-fb736af41c83-----ip: ::1----Other 0.0.0 / Other 0.0.0---status:200-----idUser :5d9458a654afa83c58d5b4b1---mobile number :0911329811---- block = false","level":"info"}
{"message":"localhost:3000------ POST------ date: 1398/7/10---- time : 11:49:29-----dd6841b2-8940-4f20-bbdb-1f3520a6ee3f-----ip: ::1----Other 0.0.0 / Other 0.0.0---status:200-----idUser :5d9458a654afa83c58d5b4b1---mobile number :0911329811---- block = false","level":"info"}
{"message":"localhost:3000------ POST------ date: 1398/7/10---- time : 11:50:13-----0defd8ee-1ab5-4890-a857-a8c461ae14f7-----ip: ::1----Other 0.0.0 / Other 0.0.0---status:200-----idUser :5d9458a654afa83c58d5b4b1---mobile number :0911329811---- block = false","level":"info"}
{"message":"localhost:3000------ POST------ date: 1398/7/10---- time : 11:54:5-----4b81a573-e176-4e9f-9432-c0ebdaec60f5-----ip: ::1----Other 0.0.0 / Other 0.0.0---status:200-----idUser :5d9458a654afa83c58d5b4b1---mobile number :0911329811---- block = false","level":"info"}
{"message":"localhost:3000------ POST------ date: 1398/7/10---- time : 11:57:51-----ded72ecc-3602-4748-8d9c-077248775f66-----ip: ::1----Other 0.0.0 / Other 0.0.0---status:200-----idUser :5d9458a654afa83c58d5b4b1---mobile number :0911329811---- block = false","level":"info"}
{"message":"localhost:3000------ POST------ date: 1398/7/10---- time : 11:58:22-----3a84ce2f-0219-4b9f-8a61-4433f0fdbe4d-----ip: ::1----Other 0.0.0 / Other 0.0.0---status:200-----idUser :5d9458a654afa83c58d5b4b1---mobile number :0911329811---- block = false","level":"info"}
{"message":"localhost:3000------ POST------ date: 1398/7/10---- time : 11:58:48-----bb11d618-7850-4114-87f5-c4676bff99ac-----ip: ::1----Other 0.0.0 / Other 0.0.0---status:200-----idUser :5d9458a654afa83c58d5b4b1---mobile number :0911329811---- block = false","level":"info"}
{"message":"localhost:3000------ POST------ date: 1398/7/10---- time : 12:1:18-----6defb8e3-6f52-4911-b4be-132f13bc2786-----ip: ::ffff:127.0.0.1----Other 0.0.0 / Other 0.0.0---status:200-----idUser :5d9458a654afa83c58d5b4b1---mobile number :0911329811---- block = false","level":"info"}
{"message":"localhost:3000------ POST------ date: 1398/7/10---- time : 12:1:34-----82ebcf1e-e47c-48f9-a3b2-e19783326a9f-----ip: ::ffff:127.0.0.1----Other 0.0.0 / Other 0.0.0---status:200-----idUser :5d9458a654afa83c58d5b4b1---mobile number :0911329811---- block = false","level":"info"}
{"message":"localhost:3000------ POST------ date: 1398/7/10---- time : 12:5:42-----9738cf51-d559-458f-811f-808e1663fd74-----ip: ::1----Other 0.0.0 / Other 0.0.0---status:200-----idUser :5d9458a654afa83c58d5b4b1---mobile number :0911329811---- block = false","level":"info"}
{"message":"localhost:3000------ POST------ date: 1398/7/10---- time : 12:6:14-----31cd5780-030e-4d49-9cd5-1216dba98a0d-----ip: ::1----Other 0.0.0 / Other 0.0.0---status:200-----idUser :5d9458a654afa83c58d5b4b1---mobile number :0911329811---- block = false","level":"info"}
{"message":"localhost:3000------ POST------ date: 1398/7/10---- time : 12:7:3-----294ad5ed-c6b7-41b3-8dd1-fa0a3fa1fbbe-----ip: ::1----Other 0.0.0 / Other 0.0.0---status:200-----idUser :5d9458a654afa83c58d5b4b1---mobile number :0911329811---- block = false","level":"info"}
{"message":"localhost:3000------ POST------ date: 1398/7/10---- time : 12:8:27-----fa313da8-122a-4bb2-a946-728c6e4563ff-----ip: ::1----Other 0.0.0 / Other 0.0.0---status:200-----idUser :5d9458a654afa83c58d5b4b1---mobile number :0911329811---- block = false","level":"info"}
{"message":"localhost:3000------ POST------ date: 1398/7/10---- time : 12:9:36-----0a8834c4-e34c-40b9-898f-528f130a1f99-----ip: ::1----Other 0.0.0 / Other 0.0.0---status:200-----idUser :5d9458a654afa83c58d5b4b1---mobile number :0911329811---- block = false","level":"info"}
{"message":"localhost:3000------ POST------ date: 1398/7/10---- time : 12:9:58-----d4ca7076-81ba-49e9-adc4-108fc4af28ca-----ip: ::1----Other 0.0.0 / Other 0.0.0---status:200-----idUser :5d9458a654afa83c58d5b4b1---mobile number :0911329811---- block = false","level":"info"}
{"message":"localhost:3000------ POST------ date: 1398/7/10---- time : 12:10:39-----410ec8c5-5804-4bb7-903c-0a145c009edc-----ip: ::1----Other 0.0.0 / Other 0.0.0---status:200-----idUser :5d9458a654afa83c58d5b4b1---mobile number :0911329811---- block = false","level":"info"}
{"message":"localhost:3000------ POST------ date: 1398/7/10---- time : 12:10:49-----ffa420b9-8504-4ad6-b6c4-2f2fba4690a9-----ip: ::1----Other 0.0.0 / Other 0.0.0---status:200-----idUser :5d9458a654afa83c58d5b4b1---mobile number :0911329811---- block = false","level":"info"}
{"message":"localhost:3000------ POST------ date: 1398/7/10---- time : 12:11:59-----b7874913-c674-4de0-a3c6-fc3ec1a1a9f7-----ip: ::1----Other 0.0.0 / Other 0.0.0---status:200-----idUser :5d9458a654afa83c58d5b4b1---mobile number :0911329811---- block = false","level":"info"}
{"message":"localhost:3000------ POST------ date: 1398/7/10---- time : 12:12:8-----e6f6b0ee-19ee-40df-9e20-b738d77ae353-----ip: ::1----Other 0.0.0 / Other 0.0.0---status:200-----idUser :5d9458a654afa83c58d5b4b1---mobile number :0911329811---- block = false","level":"info"}
{"message":"localhost:3000------ POST------ date: 1398/7/10---- time : 12:13:5-----ce2d2d8f-bc2a-40f6-9d62-5c73d3a6881c-----ip: ::1----Other 0.0.0 / Other 0.0.0---status:200-----idUser :5d9458a654afa83c58d5b4b1---mobile number :0911329811---- block = false","level":"info"}
{"message":"localhost:3000------ POST------ date: 1398/7/10---- time : 12:16:45-----1e5f1dad-7e8d-4607-9622-0b5c7f604e91-----ip: ::1----Other 0.0.0 / Other 0.0.0---status:200-----idUser :5d9458a654afa83c58d5b4b1---mobile number :0911329811---- block = false","level":"info"}
{"message":"localhost:3000------ POST------ date: 1398/7/10---- time : 12:17:35-----21e0aa0e-279f-4782-a9fb-87a53d44881e-----ip: ::ffff:127.0.0.1----Other 0.0.0 / Other 0.0.0---status:200-----idUser :5d9458a654afa83c58d5b4b1---mobile number :0911329811---- block = false","level":"info"}
{"message":"localhost:3000------ POST------ date: 1398/7/10---- time : 12:18:40-----86d8031e-9196-4bc5-91fa-7c7ad4f79439-----ip: ::1----Other 0.0.0 / Other 0.0.0---status:200-----idUser :5d9458a654afa83c58d5b4b1---mobile number :0911329811---- block = false","level":"info"}
{"message":"localhost:3000------ POST------ date: 1398/7/10---- time : 12:22:28-----dfd94715-7f45-4fe4-a311-a9d99cb2c47e-----ip: ::1----Other 0.0.0 / Other 0.0.0---status:200-----idUser :5d9458a654afa83c58d5b4b1---mobile number :0911329811---- block = false","level":"info"}
{"message":"localhost:3000------ POST------ date: 1398/7/10---- time : 12:22:58-----7c40834f-48a0-48f1-93ed-29834899b74d-----ip: ::1----Other 0.0.0 / Other 0.0.0---status:200-----idUser :5d9458a654afa83c58d5b4b1---mobile number :0911329811---- block = false","level":"info"}
{"message":"localhost:3000------ POST------ date: 1398/7/10---- time : 12:24:31-----c95056a8-0a27-450e-be13-ec7f0c70be62-----ip: ::1----Other 0.0.0 / Other 0.0.0---status:200-----idUser :5d9458a654afa83c58d5b4b1---mobile number :0911329811---- block = false","level":"info"}
{"message":"localhost:3000------ POST------ date: 1398/7/10---- time : 12:26:49-----b7f24db0-c55b-4cae-be4e-e18701d29e5d-----ip: ::1----Other 0.0.0 / Other 0.0.0---status:200-----idUser :5d9458a654afa83c58d5b4b1---mobile number :0911329811---- block = false","level":"info"}
{"message":"localhost:3000------ POST------ date: 1398/7/10---- time : 12:27:57-----5f6c1cfc-ee68-4820-a4d1-734b0a0fc7d9-----ip: ::1----Other 0.0.0 / Other 0.0.0---status:200-----idUser :5d9458a654afa83c58d5b4b1---mobile number :0911329811---- block = false","level":"info"}
{"message":"localhost:3000------ POST------ date: 1398/7/10---- time : 12:31:26-----58c11a6f-3aac-48ca-900e-cca176da512b-----ip: ::1----Other 0.0.0 / Other 0.0.0---status:200-----idUser :5d9458a654afa83c58d5b4b1---mobile number :0911329811---- block = false","level":"info"}
{"message":"localhost:3000------ POST------ date: 1398/7/10---- time : 12:32:8-----713d784b-b2e4-4746-9ff6-a17261987621-----ip: ::1----Other 0.0.0 / Other 0.0.0---status:200-----idUser :5d9458a654afa83c58d5b4b1---mobile number :0911329811---- block = false","level":"info"}
{"message":"localhost:3000------ POST------ date: 1398/7/10---- time : 12:33:4-----848426dd-2ead-4d2f-bbb6-2b9ff2fda0cc-----ip: ::1----Other 0.0.0 / Other 0.0.0---status:200-----idUser :5d9458a654afa83c58d5b4b1---mobile number :0911329811---- block = false","level":"info"}
{"message":"localhost:3000------ POST------ date: 1398/7/10---- time : 12:33:28-----d0a903c5-0e7b-4cd1-a956-71ff97f82047-----ip: ::1----Other 0.0.0 / Other 0.0.0---status:200-----idUser :5d9458a654afa83c58d5b4b1---mobile number :0911329811---- block = false","level":"info"}
{"message":"localhost:3000------ POST------ date: 1398/7/10---- time : 12:34:39-----75260902-6d81-4d9a-90d5-d2479c4faef3-----ip: ::1----Other 0.0.0 / Other 0.0.0---status:200-----idUser :5d9458a654afa83c58d5b4b1---mobile number :0911329811---- block = false","level":"info"}
{"message":"localhost:3000------ POST------ date: 1398/7/10---- time : 12:35:9-----136b6532-a105-4a8f-b2a2-f405e6fef0d7-----ip: ::1----Other 0.0.0 / Other 0.0.0---status:200-----idUser :5d9458a654afa83c58d5b4b1---mobile number :0911329811---- block = false","level":"info"}
{"message":"localhost:3000------ POST------ date: 1398/7/10---- time : 12:35:23-----b4e2f52a-86bc-4a4e-b5e1-3defd8c87bb5-----ip: ::ffff:127.0.0.1----Other 0.0.0 / Other 0.0.0---status:200-----idUser :5d9458a654afa83c58d5b4b1---mobile number :0911329811---- block = false","level":"info"}
{"message":"localhost:3000------ POST------ date: 1398/7/10---- time : 12:35:46-----784a3f07-95dc-4096-9bd4-fe0522ca10b9-----ip: ::1----Other 0.0.0 / Other 0.0.0---status:200-----idUser :5d9458a654afa83c58d5b4b1---mobile number :0911329811---- block = false","level":"info"}
{"message":"localhost:3000------ POST------ date: 1398/7/10---- time : 12:36:20-----396a687a-6756-4169-9db1-250d982edadc-----ip: ::1----Other 0.0.0 / Other 0.0.0---status:200-----idUser :5d9458a654afa83c58d5b4b1---mobile number :0911329811---- block = false","level":"info"}
{"message":"localhost:3000------ POST------ date: 1398/7/10---- time : 12:37:33-----e6e07021-b45f-4302-b310-e61ae4b315cf-----ip: ::1----Other 0.0.0 / Other 0.0.0---status:200-----idUser :5d9458a654afa83c58d5b4b1---mobile number :0911329811---- block = false","level":"info"}
{"message":"localhost:3000------ POST------ date: 1398/7/10---- time : 12:38:2-----569b0f17-2af2-4965-ba01-7687588ad293-----ip: ::1----Other 0.0.0 / Other 0.0.0---status:200-----idUser :5d9458a654afa83c58d5b4b1---mobile number :0911329811---- block = false","level":"info"}
{"message":"localhost:3000------ POST------ date: 1398/7/10---- time : 12:39:37-----21d5d37f-15a3-477c-9ee1-a3a325693e42-----ip: ::1----Other 0.0.0 / Other 0.0.0---status:200-----idUser :5d9458a654afa83c58d5b4b1---mobile number :0911329811---- block = false","level":"info"}
{"message":"localhost:3000------ POST------ date: 1398/7/10---- time : 12:40:21-----1b94ced3-b1f2-47f5-805b-f7421e2c8039-----ip: ::1----Other 0.0.0 / Other 0.0.0---status:200-----idUser :5d9458a654afa83c58d5b4b1---mobile number :0911329811---- block = false","level":"info"}
{"message":"localhost:3000------ POST------ date: 1398/7/10---- time : 12:41:19-----326a4904-ccc1-4667-9bcf-0e87a867a6f5-----ip: ::1----Other 0.0.0 / Other 0.0.0---status:200-----idUser :5d9458a654afa83c58d5b4b1---mobile number :0911329811---- block = false","level":"info"}
{"message":"localhost:3000------ POST------ date: 1398/7/10---- time : 12:41:23-----973c1faf-1c4a-42eb-b699-f2fbf457fe08-----ip: ::1----Other 0.0.0 / Other 0.0.0---status:200-----idUser :5d9458a654afa83c58d5b4b1---mobile number :0911329811---- block = false","level":"info"}
{"message":"localhost:3000------ POST------ date: 1398/7/10---- time : 12:42:47-----ca099f91-4780-477d-921c-fdbfb3cf80ba-----ip: ::1----Other 0.0.0 / Other 0.0.0---status:200-----idUser :5d9458a654afa83c58d5b4b1---mobile number :0911329811---- block = false","level":"info"}
{"message":"localhost:3000------ POST------ date: 1398/7/10---- time : 12:43:2-----3ee6cd1f-fc76-403b-b021-9bb82a5fb173-----ip: ::1----Other 0.0.0 / Other 0.0.0---status:200-----idUser :5d9458a654afa83c58d5b4b1---mobile number :0911329811---- block = false","level":"info"}
{"message":"localhost:3000------ POST------ date: 1398/7/10---- time : 12:43:33-----bf81ed36-3f36-4bfc-8c15-93c17d9fb169-----ip: ::1----Other 0.0.0 / Other 0.0.0---status:200-----idUser :5d9458a654afa83c58d5b4b1---mobile number :0911329811---- block = false","level":"info"}
{"message":"localhost:3000------ POST------ date: 1398/7/10---- time : 12:44:31-----22fd1927-b3e3-4c31-9234-fea47f144348-----ip: ::1----Other 0.0.0 / Other 0.0.0---status:200-----idUser :5d9458a654afa83c58d5b4b1---mobile number :0911329811---- block = false","level":"info"}
{"message":"localhost:3000------ POST------ date: 1398/7/10---- time : 12:45:11-----15ec8a2c-b926-4c88-8fc5-dbc2437ec722-----ip: ::1----Other 0.0.0 / Other 0.0.0---status:200-----idUser :5d9458a654afa83c58d5b4b1---mobile number :0911329811---- block = false","level":"info"}
{"message":"localhost:3000------ POST------ date: 1398/7/10---- time : 12:45:50-----17c6fc34-d0f1-493d-b6f3-5a0488072d36-----ip: ::1----Other 0.0.0 / Other 0.0.0---status:200-----idUser :5d9458a654afa83c58d5b4b1---mobile number :0911329811---- block = false","level":"info"}
{"message":"localhost:3000------ POST------ date: 1398/7/10---- time : 12:47:0-----89a61516-559f-4dc9-8990-00393d20d443-----ip: ::1----Other 0.0.0 / Other 0.0.0---status:200-----idUser :5d9458a654afa83c58d5b4b1---mobile number :0911329811---- block = false","level":"info"}
{"message":"localhost:3000------ POST------ date: 1398/7/10---- time : 12:50:16-----9570de5b-cc00-4de7-8be6-cdc1082404a6-----ip: ::1----Other 0.0.0 / Other 0.0.0---status:200-----idUser :5d9458a654afa83c58d5b4b1---mobile number :0911329811---- block = false","level":"info"}
{"message":"localhost:3000------ POST------ date: 1398/7/10---- time : 12:51:20-----8bd16382-65eb-470b-8e7c-991130c8d2dc-----ip: ::1----Other 0.0.0 / Other 0.0.0---status:200-----idUser :5d9458a654afa83c58d5b4b1---mobile number :0911329811---- block = false","level":"info"}
{"message":"localhost:3000------ POST------ date: 1398/7/10---- time : 12:52:18-----267c402d-4e4f-4dca-ab7a-6b81ae3d1fb8-----ip: ::1----Other 0.0.0 / Other 0.0.0---status:200-----idUser :5d9458a654afa83c58d5b4b1---mobile number :0911329811---- block = false","level":"info"}
{"message":"localhost:3000------ POST------ date: 1398/7/10---- time : 12:52:54-----0e2ed153-76e3-4b4f-a6c1-e5adcefeb262-----ip: ::1----Other 0.0.0 / Other 0.0.0---status:200-----idUser :5d9458a654afa83c58d5b4b1---mobile number :0911329811---- block = false","level":"info"}
{"message":"localhost:3000------ POST------ date: 1398/7/10---- time : 12:52:58-----a103949a-cefc-4433-af58-0c19508bbd7d-----ip: ::1----Other 0.0.0 / Other 0.0.0---status:200-----idUser :5d9458a654afa83c58d5b4b1---mobile number :0911329811---- block = false","level":"info"}
{"message":"localhost:3000------ POST------ date: 1398/7/10---- time : 12:53:18-----a57f62d6-a60c-4815-93cc-074634abda16-----ip: ::1----Other 0.0.0 / Other 0.0.0---status:200-----idUser :5d9458a654afa83c58d5b4b1---mobile number :0911329811---- block = false","level":"info"}
{"message":"localhost:3000------ POST------ date: 1398/7/10---- time : 12:58:38-----75969e14-78d0-4eaa-b487-4ec43c474615-----ip: ::1----Other 0.0.0 / Other 0.0.0---status:200-----idUser :5d9458a654afa83c58d5b4b1---mobile number :0911329811---- block = false","level":"info"}
{"message":"localhost:3000------ POST------ date: 1398/7/10---- time : 12:59:59-----eb35aa78-65f8-42e3-b0cb-8c51ab15bfc3-----ip: ::1----Other 0.0.0 / Other 0.0.0---status:200-----idUser :5d9458a654afa83c58d5b4b1---mobile number :0911329811---- block = false","level":"info"}
{"message":"localhost:3000------ POST------ date: 1398/7/10---- time : 13:1:5-----f6ea6221-c860-4b5c-9640-d11dd758acda-----ip: ::1----Other 0.0.0 / Other 0.0.0---status:200-----idUser :5d9458a654afa83c58d5b4b1---mobile number :0911329811---- block = false","level":"info"}
{"message":"localhost:3000------ POST------ date: 1398/7/10---- time : 13:1:25-----d5903795-9c55-4bca-acdc-896007bfe110-----ip: ::1----Other 0.0.0 / Other 0.0.0---status:200-----idUser :5d9458a654afa83c58d5b4b1---mobile number :0911329811---- block = false","level":"info"}
{"message":"localhost:3000------ POST------ date: 1398/7/10---- time : 13:4:51-----a1d1ace7-84e4-45e1-b7be-dfb71e043dda-----ip: ::1----Other 0.0.0 / Other 0.0.0---status:200-----idUser :5d9458a654afa83c58d5b4b1---mobile number :0911329811---- block = false","level":"info"}
{"message":"localhost:3000------ POST------ date: 1398/7/10---- time : 13:5:10-----f5d80331-1e10-4da7-82ea-df25a6916a42-----ip: ::1----Other 0.0.0 / Other 0.0.0---status:200-----idUser :5d9458a654afa83c58d5b4b1---mobile number :0911329811---- block = false","level":"info"}
{"message":"localhost:3000------ POST------ date: 1398/7/10---- time : 13:11:48-----d028f822-c0dc-4305-a065-00c0933801bb-----ip: ::1----Other 0.0.0 / Other 0.0.0---status:200-----idUser :5d9458a654afa83c58d5b4b1---mobile number :0911329811---- block = false","level":"info"}
{"message":"localhost:3000------ POST------ date: 1398/7/10---- time : 13:13:37-----d0595eb8-5f02-4260-a733-0a704843fd83-----ip: ::1----Other 0.0.0 / Other 0.0.0---status:200-----idUser :5d9458a654afa83c58d5b4b1---mobile number :0911329811---- block = false","level":"info"}
{"message":"localhost:3000------ POST------ date: 1398/7/10---- time : 13:15:36-----e8378022-0daa-4bc3-b6cb-361cca686cec-----ip: ::1----Other 0.0.0 / Other 0.0.0---status:200-----idUser :5d9458a654afa83c58d5b4b1---mobile number :0911329811---- block = false","level":"info"}
{"message":"localhost:3000------ POST------ date: 1398/7/10---- time : 13:15:52-----24d5c866-f84e-42f2-bdab-20e79c6eda55-----ip: ::1----Other 0.0.0 / Other 0.0.0---status:200-----idUser :5d9458a654afa83c58d5b4b1---mobile number :0911329811---- block = false","level":"info"}
{"message":"localhost:3000------ POST------ date: 1398/7/10---- time : 13:16:33-----aa82f32a-a4b4-4cdd-8298-cfcd2846f4bc-----ip: ::1----Other 0.0.0 / Other 0.0.0---status:200-----idUser :5d9458a654afa83c58d5b4b1---mobile number :0911329811---- block = false","level":"info"}
{"message":"localhost:3000------ POST------ date: 1398/7/10---- time : 13:16:48-----3e486f34-8a6a-410c-acb3-d4792cca3323-----ip: ::1----Other 0.0.0 / Other 0.0.0---status:200-----idUser :5d9458a654afa83c58d5b4b1---mobile number :0911329811---- block = false","level":"info"}
{"message":"localhost:3000------ POST------ date: 1398/7/10---- time : 13:19:27-----c2365a3e-e7e5-4d67-a32a-bc8658147b46-----ip: ::1----Other 0.0.0 / Other 0.0.0---status:200-----idUser :5d9458a654afa83c58d5b4b1---mobile number :0911329811---- block = false","level":"info"}
{"message":"localhost:3000------ POST------ date: 1398/7/10---- time : 13:23:6-----608213e6-0840-47ec-b5d1-070630f1d071-----ip: ::1----Other 0.0.0 / Other 0.0.0---status:200-----idUser :5d9458a654afa83c58d5b4b1---mobile number :0911329811---- block = false","level":"info"}
{"message":"localhost:3000------ POST------ date: 1398/7/10---- time : 13:25:20-----67e21e6d-3937-48db-a235-fc1b8ed29c3d-----ip: ::1----Other 0.0.0 / Other 0.0.0---status:200-----idUser :5d9458a654afa83c58d5b4b1---mobile number :0911329811---- block = false","level":"info"}
{"message":"localhost:3000------ POST------ date: 1398/7/10---- time : 13:25:22-----0738490d-5547-4174-a1b4-78200cf49c45-----ip: ::1----Other 0.0.0 / Other 0.0.0---status:200-----idUser :5d9458a654afa83c58d5b4b1---mobile number :0911329811---- block = false","level":"info"}
{"message":"localhost:3000------ POST------ date: 1398/7/10---- time : 13:26:17-----ebb4d341-a503-43bb-af56-cb39904d3f00-----ip: ::1----Other 0.0.0 / Other 0.0.0---status:200-----idUser :5d9458a654afa83c58d5b4b1---mobile number :0911329811---- block = false","level":"info"}
{"message":"localhost:3000------ POST------ date: 1398/7/10---- time : 13:27:30-----98b3b648-233d-4d97-a9ba-c98a2f63aa0a-----ip: ::1----Other 0.0.0 / Other 0.0.0---status:200-----idUser :5d9458a654afa83c58d5b4b1---mobile number :0911329811---- block = false","level":"info"}
{"message":"localhost:3000------ POST------ date: 1398/7/10---- time : 13:27:55-----28e2a59b-729a-47d4-903b-b01dec164ed0-----ip: ::1----Other 0.0.0 / Other 0.0.0---status:200-----idUser :5d9458a654afa83c58d5b4b1---mobile number :0911329811---- block = false","level":"info"}
{"message":"localhost:3000------ POST------ date: 1398/7/10---- time : 13:33:2-----c24bbf81-9d6b-408a-9eb6-4c366eac7e67-----ip: ::1----Other 0.0.0 / Other 0.0.0---status:200-----idUser :5d9458a654afa83c58d5b4b1---mobile number :0911329811---- block = false","level":"info"}
{"message":"localhost:3000------ POST------ date: 1398/7/10---- time : 13:34:52-----1a6a347e-0aee-4f09-b364-d9d155cc7506-----ip: ::1----Other 0.0.0 / Other 0.0.0---status:200-----idUser :5d9458a654afa83c58d5b4b1---mobile number :0911329811---- block = false","level":"info"}
{"message":"localhost:3000------ POST------ date: 1398/7/10---- time : 13:35:4-----bd612731-aebe-4f42-b5d5-c71dd791b9d7-----ip: ::1----Other 0.0.0 / Other 0.0.0---status:200-----idUser :5d9458a654afa83c58d5b4b1---mobile number :0911329811---- block = false","level":"info"}
{"message":"localhost:3000------ POST------ date: 1398/7/10---- time : 13:35:12-----c33e11c3-5498-4854-8b47-eee6f43e8792-----ip: ::1----Other 0.0.0 / Other 0.0.0---status:200-----idUser :5d9458a654afa83c58d5b4b1---mobile number :0911329811---- block = false","level":"info"}
{"message":"localhost:3000------ POST------ date: 1398/7/10---- time : 13:35:31-----2e622e9f-fe7b-4755-b18a-9262a3027945-----ip: ::1----Other 0.0.0 / Other 0.0.0---status:200-----idUser :5d9458a654afa83c58d5b4b1---mobile number :0911329811---- block = false","level":"info"}
{"message":"localhost:3000------ POST------ date: 1398/7/10---- time : 13:40:6-----786e0cef-fda8-42e0-b4c1-2b5927192e0c-----ip: ::1----Other 0.0.0 / Other 0.0.0---status:200-----idUser :5d9458a654afa83c58d5b4b1---mobile number :0911329811---- block = false","level":"info"}
{"message":"localhost:3000------ POST------ date: 1398/7/10---- time : 13:40:22-----d111a20e-52a3-4511-9cba-5e7f93455e5a-----ip: ::ffff:127.0.0.1----Other 0.0.0 / Other 0.0.0---status:200-----idUser :5d9458a654afa83c58d5b4b1---mobile number :0911329811---- block = false","level":"info"}
{"message":"localhost:3000------ POST------ date: 1398/7/10---- time : 13:41:9-----cf9b775e-1b41-48be-b277-e875323819ae-----ip: ::ffff:127.0.0.1----Other 0.0.0 / Other 0.0.0---status:200-----idUser :5d9458a654afa83c58d5b4b1---mobile number :0911329811---- block = false","level":"info"}
{"message":"localhost:3000------ POST------ date: 1398/7/10---- time : 14:16:59-----beeb3179-253c-4f5b-a793-5bce92ebd75b-----ip: ::1----Other 0.0.0 / Other 0.0.0---status:200-----idUser :5d9458a654afa83c58d5b4b1---mobile number :0911329811---- block = false","level":"info"}
{"message":"localhost:3000------ POST------ date: 1398/7/10---- time : 14:17:4-----39e9df3a-1f76-4278-89fc-8d8536c5a418-----ip: ::1----Other 0.0.0 / Other 0.0.0---status:200-----idUser :5d9458a654afa83c58d5b4b1---mobile number :0911329811---- block = false","level":"info"}
{"message":"localhost:3000------ POST------ date: 1398/7/10---- time : 14:19:15-----8a1fe494-54c0-4b5f-bfea-7f3c70e21064-----ip: ::1----Other 0.0.0 / Other 0.0.0---status:200-----idUser :5d9458a654afa83c58d5b4b1---mobile number :0911329811---- block = false","level":"info"}
{"message":"localhost:3000------ POST------ date: 1398/7/10---- time : 14:19:23-----9bdbcc2a-6a7a-481d-aa0b-49bd1d061058-----ip: ::1----Other 0.0.0 / Other 0.0.0---status:200-----idUser :5d9458a654afa83c58d5b4b1---mobile number :0911329811---- block = false","level":"info"}
{"message":"localhost:3000------ POST------ date: 1398/7/10---- time : 14:19:44-----d5901ab0-8e06-41f4-829c-047ed400f5b1-----ip: ::1----Other 0.0.0 / Other 0.0.0---status:200-----idUser :5d9458a654afa83c58d5b4b1---mobile number :0911329811---- block = false","level":"info"}
{"message":"localhost:3000------ POST------ date: 1398/7/10---- time : 14:20:41-----2faa73d1-0096-4c33-8283-95da3daa8e60-----ip: ::1----Other 0.0.0 / Other 0.0.0---status:200-----idUser :5d9458a654afa83c58d5b4b1---mobile number :0911329811---- block = false","level":"info"}
{"message":"localhost:3000------ POST------ date: 1398/7/10---- time : 14:21:24-----3071de48-3132-47fd-9f3a-8ac560b7fda9-----ip: ::1----Other 0.0.0 / Other 0.0.0---status:200-----idUser :5d9458a654afa83c58d5b4b1---mobile number :0911329811---- block = false","level":"info"}
{"message":"localhost:3000------ POST------ date: 1398/7/10---- time : 14:21:27-----db7043c8-ff5b-4f75-ac34-f982a6dc04bc-----ip: ::1----Other 0.0.0 / Other 0.0.0---status:200-----idUser :5d9458a654afa83c58d5b4b1---mobile number :0911329811---- block = false","level":"info"}
{"message":"localhost:3000------ POST------ date: 1398/7/10---- time : 14:21:32-----31b91939-6abe-4ae0-bc6c-1c3142859dfe-----ip: ::1----Other 0.0.0 / Other 0.0.0---status:200-----idUser :5d9458a654afa83c58d5b4b1---mobile number :0911329811---- block = false","level":"info"}
{"message":"localhost:3000------ POST------ date: 1398/7/10---- time : 14:21:53-----3f2dd265-1503-4d64-a973-8faba6508784-----ip: ::1----Other 0.0.0 / Other 0.0.0---status:200-----idUser :5d9458a654afa83c58d5b4b1---mobile number :0911329811---- block = false","level":"info"}
{"message":"localhost:3000------ POST------ date: 1398/7/10---- time : 14:22:20-----d5b2ccac-114b-4a1d-ae4f-6bb186f0ce9f-----ip: ::1----Other 0.0.0 / Other 0.0.0---status:200-----idUser :5d9458a654afa83c58d5b4b1---mobile number :0911329811---- block = false","level":"info"}
{"message":"localhost:3000------ POST------ date: 1398/7/10---- time : 14:22:22-----a2437b88-f0e4-43cc-b9f0-700c2629cc9a-----ip: ::1----Other 0.0.0 / Other 0.0.0---status:200-----idUser :5d9458a654afa83c58d5b4b1---mobile number :0911329811---- block = false","level":"info"}
{"message":"localhost:3000------ POST------ date: 1398/7/10---- time : 14:22:29-----b58c31b8-159d-4852-aa5e-e68fd242622c-----ip: ::1----Other 0.0.0 / Other 0.0.0---status:200-----idUser :5d9458a654afa83c58d5b4b1---mobile number :0911329811---- block = false","level":"info"}
{"message":"localhost:3000------ POST------ date: 1398/7/10---- time : 14:22:51-----9c0b3cbf-9537-4a39-ac1f-2cc8301face4-----ip: ::1----Other 0.0.0 / Other 0.0.0---status:200-----idUser :5d9458a654afa83c58d5b4b1---mobile number :0911329811---- block = false","level":"info"}
{"message":"localhost:3000------ DELETE------ date: 1398/7/10---- time : 14:39:27-----d35d575c-1940-4b79-9615-ee8472460b19-----ip: ::1----Other 0.0.0 / Other 0.0.0---status:200-----idUser :5d9458a654afa83c58d5b4b1---mobile number :0911329811---- block = false","level":"info"}
{"message":"localhost:3000------ PUT------ date: 1398/7/10---- time : 15:19:37-----2c2ee91b-2c5c-436f-8993-a0798db2140d-----ip: ::1----Other 0.0.0 / Other 0.0.0---status:200-----idUser :5d9458a654afa83c58d5b4b1---mobile number :0911329811---- block = false","level":"info"}
{"message":"localhost:3000------ PUT------ date: 1398/7/10---- time : 15:24:3-----86c45254-0999-450d-8734-7b8f7b4f9105-----ip: ::1----Other 0.0.0 / Other 0.0.0---status:200-----idUser :5d9458a654afa83c58d5b4b1---mobile number :0911329811---- block = false","level":"info"}
{"message":"localhost:3000------ GET------ date: 1398/7/10---- time : 15:43:59-----5b53ff7c-dd63-4dc6-99e5-a165b27692e6-----ip: ::1----Other 0.0.0 / Other 0.0.0---status:200-----idUser :5d9458a654afa83c58d5b4b1---mobile number :0911329811---- block = false","level":"info"}
{"message":"localhost:3000------ GET------ date: 1398/7/10---- time : 15:44:55-----facea6e7-e9ef-4bd9-8bf5-cd41797e8d85-----ip: ::1----Other 0.0.0 / Other 0.0.0---status:200-----idUser :5d9458a654afa83c58d5b4b1---mobile number :0911329811---- block = false","level":"info"}
{"message":"localhost:3000------ GET------ date: 1398/7/10---- time : 15:45:18-----46b11a82-0345-4791-95c6-02f78bb335aa-----ip: ::1----Other 0.0.0 / Other 0.0.0---status:200-----idUser :5d9458a654afa83c58d5b4b1---mobile number :0911329811---- block = false","level":"info"}
{"message":"localhost:3000------ GET------ date: 1398/7/10---- time : 15:46:15-----23e289ce-dfe2-4dce-a977-79f96cdc7e1c-----ip: ::ffff:127.0.0.1----Other 0.0.0 / Other 0.0.0---status:200-----idUser :5d9458a654afa83c58d5b4b1---mobile number :0911329811---- block = false","level":"info"}
{"message":"localhost:3000------ GET------ date: 1398/7/10---- time : 15:46:51-----8a2b2f57-7dff-4f91-8da5-ffdf07c5d3c4-----ip: ::ffff:127.0.0.1----Other 0.0.0 / Other 0.0.0---status:200-----idUser :5d9458a654afa83c58d5b4b1---mobile number :0911329811---- block = false","level":"info"}
{"message":"localhost:3000------ PUT------ date: 1398/7/10---- time : 15:56:42-----0087d0c2-f1ac-4ef5-9301-273bf7dcd648-----ip: ::1----Other 0.0.0 / Other 0.0.0---status:200-----idUser :5d9458a654afa83c58d5b4b1---mobile number :0911329811---- block = false","level":"info"}
{"message":"localhost:3000------ GET------ date: 1398/7/10---- time : 16:5:3-----e5a94c62-b7fc-4c69-969c-a8b73fbc0c58-----ip: ::1----Other 0.0.0 / Other 0.0.0---status:200-----idUser :5d9458a654afa83c58d5b4b1---mobile number :0911329811---- block = false","level":"info"}
{"message":"localhost:3000------ GET------ date: 1398/7/10---- time : 16:5:37-----c33996ee-4ddd-42ef-a39f-cc724518929b-----ip: ::1----Other 0.0.0 / Other 0.0.0---status:200-----idUser :5d9458a654afa83c58d5b4b1---mobile number :0911329811---- block = false","level":"info"}
{"message":"localhost:3000------ POST------ date: 1398/7/10---- time : 16:6:34-----2249c65b-8c94-473f-bc31-9e6a5bfcbbd7-----ip: ::1----Other 0.0.0 / Other 0.0.0---status:200-----idUser :user not authorize---mobile number :user not authorize---- block = user not authorize","level":"info"}
{"message":"localhost:3000------ POST------ date: 1398/7/10---- time : 16:7:52-----15f187a7-d500-43c2-91e3-121faa7cf8d2-----ip: ::1----Other 0.0.0 / Other 0.0.0---status:200-----idUser :5d9457fd54afa83c58d5b4ad---mobile number :0912390234---- block = false","level":"info"}
{"message":"localhost:3000------ GET------ date: 1398/7/10---- time : 16:8:29-----a3eb365f-76c2-4238-9b02-070a9a979e43-----ip: ::1----Other 0.0.0 / Other 0.0.0---status:200-----idUser :5d9458a654afa83c58d5b4b1---mobile number :0911329811---- block = false","level":"info"}
{"message":"localhost:3000------ GET------ date: 1398/7/10---- time : 16:8:36-----86ac1acc-cfe7-4f36-ab1c-4d9035deb4f0-----ip: ::1----Other 0.0.0 / Other 0.0.0---status:200-----idUser :5d9458a654afa83c58d5b4b1---mobile number :0911329811---- block = false","level":"info"}
{"message":"localhost:3000------ GET------ date: 1398/7/10---- time : 16:8:48-----35e409de-b6fd-4ca6-b9e1-a757d7d96ec8-----ip: ::1----Other 0.0.0 / Other 0.0.0---status:200-----idUser :5d9458a654afa83c58d5b4b1---mobile number :0911329811---- block = false","level":"info"}
{"message":"localhost:3000------ GET------ date: 1398/7/10---- time : 16:9:11-----1342fea4-44bf-4d83-8e8f-6d32ba7a2229-----ip: ::1----Other 0.0.0 / Other 0.0.0---status:200-----idUser :5d9457fd54afa83c58d5b4ad---mobile number :0912390234---- block = false","level":"info"}
{"message":"localhost:3000------ POST------ date: 1398/7/10---- time : 16:9:33-----0e2b1df5-0867-42fe-98ee-ec970e07a550-----ip: ::1----Other 0.0.0 / Other 0.0.0---status:200-----idUser :5d9457fd54afa83c58d5b4ad---mobile number :0912390234---- block = false","level":"info"}
{"message":"localhost:3000------ GET------ date: 1398/7/10---- time : 16:9:39-----298cd17b-ee30-480f-a8e8-2a9f3fc85bd8-----ip: ::1----Other 0.0.0 / Other 0.0.0---status:200-----idUser :5d9457fd54afa83c58d5b4ad---mobile number :0912390234---- block = false","level":"info"}
{"message":"localhost:3000------ GET------ date: 1398/7/10---- time : 16:35:11-----b91cdb65-7718-4a80-95db-efb488966349-----ip: ::1----Other 0.0.0 / Other 0.0.0---status:200-----idUser :5d9457fd54afa83c58d5b4ad---mobile number :0912390234---- block = false","level":"info"}
{"message":"localhost:3000------ GET------ date: 1398/7/10---- time : 16:35:35-----3c0f4a9b-0d70-4210-b8bc-1572df6fe63e-----ip: ::1----Other 0.0.0 / Other 0.0.0---status:200-----idUser :5d9457fd54afa83c58d5b4ad---mobile number :0912390234---- block = false","level":"info"}
{"message":"localhost:3000------ GET------ date: 1398/7/10---- time : 16:35:45-----49467176-3574-44b6-83b9-10425270c67c-----ip: ::ffff:127.0.0.1----Other 0.0.0 / Other 0.0.0---status:200-----idUser :5d9457fd54afa83c58d5b4ad---mobile number :0912390234---- block = false","level":"info"}
{"message":"localhost:3000------ DELETE------ date: 1398/7/10---- time : 16:38:44-----ecfb82cc-d9ba-4799-a26a-f4788ce2e9e7-----ip: ::1----Other 0.0.0 / Other 0.0.0---status:200-----idUser :5d9457fd54afa83c58d5b4ad---mobile number :0912390234---- block = false","level":"info"}
{"message":"localhost:3000------ GET------ date: 1398/7/10---- time : 17:14:11-----6d09ebd3-24c4-4e4e-89c5-b0225d5b1e24-----ip: ::1----Other 0.0.0 / Other 0.0.0---status:200-----idUser :5d9457fd54afa83c58d5b4ad---mobile number :0912390234---- block = false","level":"info"}
{"message":"localhost:3000------ POST------ date: 1398/7/10---- time : 17:37:6-----a3c5451f-dadb-4f2c-a894-1169091406e3-----ip: ::1----Other 0.0.0 / Other 0.0.0---status:200-----idUser :user not authorize---mobile number :user not authorize---- block = user not authorize","level":"info"}
{"message":"localhost:3000------ POST------ date: 1398/7/10---- time : 17:37:25-----d51013f1-8c6c-49c3-9586-f65414803635-----ip: ::1----Other 0.0.0 / Other 0.0.0---status:200-----idUser :user not authorize---mobile number :user not authorize---- block = user not authorize","level":"info"}
{"message":"localhost:3000------ GET------ date: 1398/7/10---- time : 17:39:20-----3785be2c-52b3-4207-a27d-9735b2ed6cbd-----ip: ::1----Other 0.0.0 / Other 0.0.0---status:200-----idUser :5d94af0a300b40bf7918a7e6---mobile number :092323423324---- block = false","level":"info"}
{"message":"localhost:3000------ GET------ date: 1398/7/10---- time : 17:39:55-----9739a84f-fd94-4c40-bcfa-7f32c2381dec-----ip: ::1----Other 0.0.0 / Other 0.0.0---status:200-----idUser :5d9457fd54afa83c58d5b4ad---mobile number :0912390234---- block = false","level":"info"}
{"message":"localhost:3000------ GET------ date: 1398/7/10---- time : 17:40:17-----1a754b2a-8021-45cb-af48-daa9c735c321-----ip: ::1----Other 0.0.0 / Other 0.0.0---status:200-----idUser :5d94af0a300b40bf7918a7e6---mobile number :092323423324---- block = false","level":"info"}
