{"message":"localhost:3000------ POST------ date: 1398/7/15---- time : 0:0:54-----1ee1bc80-ccce-4105-b735-f51ade76c4c2-----ip: ::1----Other 0.0.0 / Other 0.0.0---status:200-----idUser :5d9a3b8277d38a19808df1bd---mobile number :09121111111---- block = false","level":"info"}
{"message":"localhost:3000------ POST------ date: 1398/7/15---- time : 0:1:37-----0fc90a88-779e-490d-ab1c-27be1eea35d6-----ip: ::ffff:127.0.0.1----Other 0.0.0 / Other 0.0.0---status:200-----idUser :5d9a3b8277d38a19808df1bd---mobile number :09121111111---- block = false","level":"info"}
{"message":"localhost:3000------ POST------ date: 1398/7/15---- time : 0:2:29-----ba2cd44e-92b9-44f3-9119-94b3f1ba8929-----ip: ::1----Other 0.0.0 / Other 0.0.0---status:200-----idUser :5d9a3b8277d38a19808df1bd---mobile number :09121111111---- block = false","level":"info"}
{"message":"localhost:3000------ POST------ date: 1398/7/15---- time : 0:2:58-----7edef82a-5e88-4479-b8da-2c0ae9d69621-----ip: ::ffff:127.0.0.1----Other 0.0.0 / Other 0.0.0---status:200-----idUser :5d9a3b8277d38a19808df1bd---mobile number :09121111111---- block = false","level":"info"}
{"message":"localhost:3000------ POST------ date: 1398/7/15---- time : 0:3:17-----e3edf231-3deb-40c9-9faf-5d20e2b216bd-----ip: ::1----Other 0.0.0 / Other 0.0.0---status:200-----idUser :5d9a3b8277d38a19808df1bd---mobile number :09121111111---- block = false","level":"info"}
{"message":"localhost:3000------ POST------ date: 1398/7/15---- time : 0:4:6-----46de8dc6-8193-482c-ba27-a900f27a41a7-----ip: ::1----Other 0.0.0 / Other 0.0.0---status:200-----idUser :5d9a3b8277d38a19808df1bd---mobile number :09121111111---- block = false","level":"info"}
{"message":"localhost:3000------ POST------ date: 1398/7/15---- time : 0:4:27-----d62daf3e-fc77-4656-bde5-66f25ae4ffff-----ip: ::1----Other 0.0.0 / Other 0.0.0---status:200-----idUser :5d9a3b8277d38a19808df1bd---mobile number :09121111111---- block = false","level":"info"}
{"message":"localhost:3000------ POST------ date: 1398/7/15---- time : 0:5:35-----b98882d7-4dbd-4005-ae79-41c005fb9362-----ip: ::1----Other 0.0.0 / Other 0.0.0---status:200-----idUser :5d9a3b8277d38a19808df1bd---mobile number :09121111111---- block = false","level":"info"}
{"message":"localhost:3000------ POST------ date: 1398/7/15---- time : 0:7:45-----cac5c38c-931b-4083-abb0-96a74d61cef9-----ip: ::1----Other 0.0.0 / Other 0.0.0---status:200-----idUser :5d9a3b8277d38a19808df1bd---mobile number :09121111111---- block = false","level":"info"}
{"message":"localhost:3000------ POST------ date: 1398/7/15---- time : 0:8:6-----3a86dccc-2b3c-456d-a081-2d632ad4b525-----ip: ::ffff:127.0.0.1----Other 0.0.0 / Other 0.0.0---status:200-----idUser :5d9a3b8277d38a19808df1bd---mobile number :09121111111---- block = false","level":"info"}
{"message":"localhost:3000------ POST------ date: 1398/7/15---- time : 0:10:3-----5a21809a-4c63-4326-87e3-5738f2b0e95c-----ip: ::1----Other 0.0.0 / Other 0.0.0---status:200-----idUser :user not authorize---mobile number :user not authorize---- block = user not authorize","level":"info"}
{"message":"localhost:3000------ POST------ date: 1398/7/15---- time : 0:10:8-----df29174f-b6e0-4b7b-9f0a-22736d194e44-----ip: ::1----Other 0.0.0 / Other 0.0.0---status:200-----idUser :user not authorize---mobile number :user not authorize---- block = user not authorize","level":"info"}
{"message":"localhost:3000------ POST------ date: 1398/7/15---- time : 0:10:34-----7ac3a2c5-b62f-487e-87d6-03ea7410a5ff-----ip: ::1----Other 0.0.0 / Other 0.0.0---status:200-----idUser :5d9a3a086131ee29e8b14092---mobile number :09121111118---- block = false","level":"info"}
{"message":"localhost:3000------ POST------ date: 1398/7/15---- time : 0:10:41-----19f3ebc7-5ccf-4ddf-8949-017d8e0c8c30-----ip: ::1----Other 0.0.0 / Other 0.0.0---status:200-----idUser :user not authorize---mobile number :user not authorize---- block = user not authorize","level":"info"}
{"message":"localhost:3000------ POST------ date: 1398/7/15---- time : 0:11:1-----e799a97b-18a8-4454-8c1a-601038dcf4e3-----ip: ::1----Other 0.0.0 / Other 0.0.0---status:200-----idUser :5d9a514266fd062c2c350f1f---mobile number :09121111111---- block = false","level":"info"}
{"message":"localhost:3000------ POST------ date: 1398/7/15---- time : 0:11:35-----3dcf306a-86d4-44bf-be56-b64dd8d04d88-----ip: ::1----Other 0.0.0 / Other 0.0.0---status:200-----idUser :5d9a514266fd062c2c350f1f---mobile number :09121111111---- block = false","level":"info"}
{"message":"localhost:3000------ POST------ date: 1398/7/15---- time : 0:13:2-----f43ba5af-461b-4393-9906-faa9c162c92e-----ip: ::ffff:127.0.0.1----Other 0.0.0 / Other 0.0.0---status:200-----idUser :5d9a514266fd062c2c350f1f---mobile number :09121111111---- block = false","level":"info"}
{"message":"localhost:3000------ POST------ date: 1398/7/15---- time : 0:13:20-----e9f49a04-43ae-47e9-8daf-92a2634937f2-----ip: ::1----Other 0.0.0 / Other 0.0.0---status:200-----idUser :5d9a514266fd062c2c350f1f---mobile number :09121111111---- block = false","level":"info"}
{"message":"localhost:3000------ POST------ date: 1398/7/15---- time : 0:13:52-----c945ac9a-ed7a-4281-8663-57641e8aede7-----ip: ::ffff:127.0.0.1----Other 0.0.0 / Other 0.0.0---status:200-----idUser :5d9a514266fd062c2c350f1f---mobile number :09121111111---- block = false","level":"info"}
{"message":"localhost:3000------ POST------ date: 1398/7/15---- time : 0:14:19-----7c6c1f34-0343-4f9e-bade-b0b9fbce3a71-----ip: ::1----Other 0.0.0 / Other 0.0.0---status:200-----idUser :user not authorize---mobile number :user not authorize---- block = user not authorize","level":"info"}
{"message":"localhost:3000------ POST------ date: 1398/7/15---- time : 0:14:33-----cfae850e-5338-4122-9b23-489c34f56d37-----ip: ::ffff:127.0.0.1----Other 0.0.0 / Other 0.0.0---status:200-----idUser :user not authorize---mobile number :user not authorize---- block = user not authorize","level":"info"}
{"message":"localhost:3000------ POST------ date: 1398/7/15---- time : 0:14:39-----1f0c8159-e9fd-48df-b01c-1b030ad81a98-----ip: ::ffff:127.0.0.1----Other 0.0.0 / Other 0.0.0---status:200-----idUser :5d9a514266fd062c2c350f1f---mobile number :09121111111---- block = false","level":"info"}
{"message":"localhost:3000------ POST------ date: 1398/7/15---- time : 0:15:12-----aadc4a60-ba12-45e7-b8cb-1b90ed0a4c00-----ip: ::1----Other 0.0.0 / Other 0.0.0---status:200-----idUser :5d9a514266fd062c2c350f1f---mobile number :09121111111---- block = false","level":"info"}
{"message":"localhost:3000------ POST------ date: 1398/7/15---- time : 0:15:57-----c8aadbac-3440-4a7b-a02c-fa887f735a9b-----ip: ::1----Other 0.0.0 / Other 0.0.0---status:200-----idUser :5d9a514266fd062c2c350f1f---mobile number :09121111111---- block = false","level":"info"}
{"message":"localhost:3000------ POST------ date: 1398/7/15---- time : 0:16:14-----a028f401-c7ea-4b0f-9207-bac5091d0ba9-----ip: ::1----Other 0.0.0 / Other 0.0.0---status:200-----idUser :5d9a514266fd062c2c350f1f---mobile number :09121111111---- block = false","level":"info"}
{"message":"localhost:3000------ POST------ date: 1398/7/15---- time : 0:16:36-----7a8d7544-14b3-4c47-a108-3be5bc7bff3e-----ip: ::1----Other 0.0.0 / Other 0.0.0---status:200-----idUser :5d9a514266fd062c2c350f1f---mobile number :09121111111---- block = false","level":"info"}
{"message":"localhost:3000------ POST------ date: 1398/7/15---- time : 0:18:21-----6806800c-edef-4d2f-be29-ea53e3cc59e6-----ip: ::1----Other 0.0.0 / Other 0.0.0---status:200-----idUser :5d9a514266fd062c2c350f1f---mobile number :09121111111---- block = false","level":"info"}
{"message":"localhost:3000------ POST------ date: 1398/7/15---- time : 0:19:52-----efacef2f-e450-4deb-bbd3-3e6e10dbde39-----ip: ::1----Other 0.0.0 / Other 0.0.0---status:200-----idUser :5d9a514266fd062c2c350f1f---mobile number :09121111111---- block = false","level":"info"}
{"message":"localhost:3000------ POST------ date: 1398/7/15---- time : 0:20:34-----85b9a86b-d5c5-44ea-a11c-326cb4910f4d-----ip: ::1----Other 0.0.0 / Other 0.0.0---status:200-----idUser :user not authorize---mobile number :user not authorize---- block = user not authorize","level":"info"}
{"message":"localhost:3000------ POST------ date: 1398/7/15---- time : 0:22:2-----b6666bf1-eff3-4cd8-882b-6d3320bf2d24-----ip: ::1----Other 0.0.0 / Other 0.0.0---status:200-----idUser :5d9a514266fd062c2c350f1f---mobile number :09121111111---- block = false","level":"info"}
{"message":"localhost:3000------ POST------ date: 1398/7/15---- time : 0:22:44-----1ba0cda5-5b48-4238-98fb-fb1cfcc2a792-----ip: ::1----Other 0.0.0 / Other 0.0.0---status:200-----idUser :5d9a514266fd062c2c350f1f---mobile number :09121111111---- block = false","level":"info"}
{"message":"localhost:3000------ POST------ date: 1398/7/15---- time : 0:23:34-----a39a8653-4b8a-4503-9e04-29b02d737293-----ip: ::1----Other 0.0.0 / Other 0.0.0---status:200-----idUser :5d9a514266fd062c2c350f1f---mobile number :09121111111---- block = false","level":"info"}
{"message":"localhost:3000------ POST------ date: 1398/7/15---- time : 0:24:29-----ca1cf70f-db14-4c7f-96bb-d51f6e0bc62f-----ip: ::1----Other 0.0.0 / Other 0.0.0---status:200-----idUser :5d9a514266fd062c2c350f1f---mobile number :09121111111---- block = false","level":"info"}
{"message":"localhost:3000------ POST------ date: 1398/7/15---- time : 0:25:10-----aa6b16f6-ef16-42cb-acf2-c380fa3885e1-----ip: ::1----Other 0.0.0 / Other 0.0.0---status:200-----idUser :5d9a514266fd062c2c350f1f---mobile number :09121111111---- block = false","level":"info"}
{"message":"localhost:3000------ POST------ date: 1398/7/15---- time : 0:25:40-----8c826367-424c-4db6-b154-c9d04824a59c-----ip: ::ffff:127.0.0.1----Other 0.0.0 / Other 0.0.0---status:200-----idUser :5d9a514266fd062c2c350f1f---mobile number :09121111111---- block = false","level":"info"}
{"message":"localhost:3000------ POST------ date: 1398/7/15---- time : 0:29:11-----290c8fd8-9482-41ca-a04d-33fc4082e81f-----ip: ::1----Other 0.0.0 / Other 0.0.0---status:200-----idUser :5d9a514266fd062c2c350f1f---mobile number :09121111111---- block = false","level":"info"}
{"message":"localhost:3000------ POST------ date: 1398/7/15---- time : 0:30:34-----cf221ca1-f345-4d2b-b456-f770eb84f410-----ip: ::ffff:127.0.0.1----Other 0.0.0 / Other 0.0.0---status:200-----idUser :5d9a514266fd062c2c350f1f---mobile number :09121111111---- block = false","level":"info"}
{"message":"localhost:3000------ POST------ date: 1398/7/15---- time : 0:34:48-----efb0d959-c95f-4bea-a399-0d3aad105f56-----ip: ::1----Other 0.0.0 / Other 0.0.0---status:200-----idUser :5d9a514266fd062c2c350f1f---mobile number :09121111111---- block = false","level":"info"}
{"message":"localhost:3000------ POST------ date: 1398/7/15---- time : 0:35:58-----7fd9d08c-b82c-4046-b3ff-3475e05363c5-----ip: ::1----Other 0.0.0 / Other 0.0.0---status:200-----idUser :5d9a514266fd062c2c350f1f---mobile number :09121111111---- block = false","level":"info"}
{"message":"localhost:3000------ POST------ date: 1398/7/15---- time : 0:39:36-----ec009aee-06c7-4a98-9d11-e69aa4cdc09d-----ip: ::1----Other 0.0.0 / Other 0.0.0---status:200-----idUser :5d9a514266fd062c2c350f1f---mobile number :09121111111---- block = false","level":"info"}
{"message":"localhost:3000------ POST------ date: 1398/7/15---- time : 0:40:6-----9475a366-9292-42a6-a62e-1a354c41e1fc-----ip: ::1----Other 0.0.0 / Other 0.0.0---status:200-----idUser :5d9a3a086131ee29e8b14092---mobile number :09121111118---- block = false","level":"info"}
{"message":"localhost:3000------ POST------ date: 1398/7/15---- time : 0:40:10-----13ffb1b0-617f-4370-a10c-98b906808bf9-----ip: ::1----Other 0.0.0 / Other 0.0.0---status:200-----idUser :user not authorize---mobile number :user not authorize---- block = user not authorize","level":"info"}
{"message":"localhost:3000------ POST------ date: 1398/7/15---- time : 0:40:24-----5e3da1f4-e3b2-4186-9650-0499a03d779d-----ip: ::1----Other 0.0.0 / Other 0.0.0---status:200-----idUser :5d9a582ea9fad72f80c13b47---mobile number :09121111111---- block = false","level":"info"}
{"message":"localhost:3000------ POST------ date: 1398/7/15---- time : 0:40:44-----43808361-65a2-4c05-a541-5ea796b3b56b-----ip: ::1----Other 0.0.0 / Other 0.0.0---status:200-----idUser :5d9a582ea9fad72f80c13b47---mobile number :09121111111---- block = false","level":"info"}
{"message":"localhost:3000------ POST------ date: 1398/7/15---- time : 0:41:6-----a8d1f15a-85f7-47cf-9bbd-7fba8393cf23-----ip: ::1----Other 0.0.0 / Other 0.0.0---status:200-----idUser :user not authorize---mobile number :user not authorize---- block = user not authorize","level":"info"}
{"message":"localhost:3000------ POST------ date: 1398/7/15---- time : 0:41:47-----d8a5a00b-442c-4e49-a12e-3a2003c548ef-----ip: ::ffff:127.0.0.1----Other 0.0.0 / Other 0.0.0---status:200-----idUser :5d9a582ea9fad72f80c13b47---mobile number :09121111111---- block = false","level":"info"}
{"message":"localhost:3000------ POST------ date: 1398/7/15---- time : 0:46:19-----8c34d2b4-bf4e-4355-9fb1-bf75c9c28372-----ip: ::ffff:127.0.0.1----Other 0.0.0 / Other 0.0.0---status:200-----idUser :5d9a582ea9fad72f80c13b47---mobile number :09121111111---- block = false","level":"info"}
{"message":"localhost:3000------ POST------ date: 1398/7/15---- time : 0:47:1-----119d52e8-c233-401a-b3d3-4658d8bd194f-----ip: ::1----Other 0.0.0 / Other 0.0.0---status:200-----idUser :5d9a582ea9fad72f80c13b47---mobile number :09121111111---- block = false","level":"info"}
{"message":"localhost:3000------ POST------ date: 1398/7/15---- time : 0:47:33-----685067bf-bdbf-448d-b97c-9bcb120df7d0-----ip: ::1----Other 0.0.0 / Other 0.0.0---status:200-----idUser :5d9a582ea9fad72f80c13b47---mobile number :09121111111---- block = false","level":"info"}
{"message":"localhost:3000------ POST------ date: 1398/7/15---- time : 0:48:18-----3c94a331-b899-4bdc-868f-4b3df990a626-----ip: ::1----Other 0.0.0 / Other 0.0.0---status:200-----idUser :5d9a582ea9fad72f80c13b47---mobile number :09121111111---- block = false","level":"info"}
{"message":"localhost:3000------ POST------ date: 1398/7/15---- time : 0:48:40-----50aa6a91-8cf2-429e-93f9-144870aeff69-----ip: ::1----Other 0.0.0 / Other 0.0.0---status:200-----idUser :user not authorize---mobile number :user not authorize---- block = user not authorize","level":"info"}
{"message":"localhost:3000------ POST------ date: 1398/7/15---- time : 0:48:53-----f726cef7-0c3c-4a12-89b2-b8205c220d4e-----ip: ::1----Other 0.0.0 / Other 0.0.0---status:200-----idUser :user not authorize---mobile number :user not authorize---- block = user not authorize","level":"info"}
{"message":"localhost:3000------ POST------ date: 1398/7/15---- time : 0:49:3-----b39448e4-9864-4ba1-88f3-75c2e355fc02-----ip: ::1----Other 0.0.0 / Other 0.0.0---status:200-----idUser :user not authorize---mobile number :user not authorize---- block = user not authorize","level":"info"}
{"message":"localhost:3000------ POST------ date: 1398/7/15---- time : 0:49:14-----a6d798be-0967-43f3-90a2-42015b587727-----ip: ::1----Other 0.0.0 / Other 0.0.0---status:200-----idUser :user not authorize---mobile number :user not authorize---- block = user not authorize","level":"info"}
{"message":"localhost:3000------ POST------ date: 1398/7/15---- time : 0:49:40-----707d474a-37b2-4bf6-b014-c9fa6b69146f-----ip: ::1----Other 0.0.0 / Other 0.0.0---status:200-----idUser :5d9a582ea9fad72f80c13b47---mobile number :09121111111---- block = false","level":"info"}
{"message":"localhost:3000------ POST------ date: 1398/7/15---- time : 0:49:59-----422b4231-0054-471e-8132-56c44838465f-----ip: ::1----Other 0.0.0 / Other 0.0.0---status:200-----idUser :user not authorize---mobile number :user not authorize---- block = user not authorize","level":"info"}
{"message":"localhost:3000------ POST------ date: 1398/7/15---- time : 0:50:30-----5c7aad1a-fd77-433d-9f70-2392fd98bf4d-----ip: ::1----Other 0.0.0 / Other 0.0.0---status:200-----idUser :user not authorize---mobile number :user not authorize---- block = user not authorize","level":"info"}
{"message":"localhost:3000------ POST------ date: 1398/7/15---- time : 0:50:42-----906f3939-7b0f-414f-ba42-2350ba0fc0f5-----ip: ::1----Other 0.0.0 / Other 0.0.0---status:200-----idUser :user not authorize---mobile number :user not authorize---- block = user not authorize","level":"info"}
{"message":"localhost:3000------ POST------ date: 1398/7/15---- time : 0:51:0-----44180ffe-2c3a-43b0-a996-edde8a7e1f52-----ip: ::1----Other 0.0.0 / Other 0.0.0---status:200-----idUser :5d9a582ea9fad72f80c13b47---mobile number :09121111111---- block = false","level":"info"}
{"message":"localhost:3000------ POST------ date: 1398/7/15---- time : 11:1:43-----70e74400-4ba1-464d-a903-fb2b1efc1e6c-----ip: ::1----Other 0.0.0 / Other 0.0.0---status:200-----idUser :user not authorize---mobile number :user not authorize---- block = user not authorize","level":"info"}
{"message":"localhost:3000------ POST------ date: 1398/7/15---- time : 11:2:4-----e78b8bf0-6a2b-4ff0-8a0e-1edddd104a34-----ip: ::1----Other 0.0.0 / Other 0.0.0---status:200-----idUser :5d99fbd49b8f3155d83e1265---mobile number :09121111118---- block = false","level":"info"}
{"message":"localhost:3000------ POST------ date: 1398/7/15---- time : 11:2:29-----e66566b0-5df6-4c7b-a670-12df6f12e786-----ip: ::1----Other 0.0.0 / Other 0.0.0---status:200-----idUser :5d99fbd49b8f3155d83e1265---mobile number :09121111118---- block = false","level":"info"}
{"message":"localhost:3000------ POST------ date: 1398/7/15---- time : 11:2:55-----9b2344e7-8020-401b-a828-52a3165f3f6a-----ip: ::1----Other 0.0.0 / Other 0.0.0---status:200-----idUser :user not authorize---mobile number :user not authorize---- block = user not authorize","level":"info"}
{"message":"localhost:3000------ POST------ date: 1398/7/15---- time : 11:3:5-----d038cf6b-4f44-44cf-b365-d869b1350040-----ip: ::1----Other 0.0.0 / Other 0.0.0---status:200-----idUser :user not authorize---mobile number :user not authorize---- block = user not authorize","level":"info"}
{"message":"localhost:3000------ POST------ date: 1398/7/15---- time : 11:6:2-----1a2149cf-34f0-444f-80bd-8a7383a248dd-----ip: ::1----Other 0.0.0 / Other 0.0.0---status:200-----idUser :5d99fbd49b8f3155d83e1265---mobile number :09121111118---- block = false","level":"info"}
{"message":"localhost:3000------ POST------ date: 1398/7/15---- time : 11:9:46-----9a5f85f6-ca0c-4562-9adf-e92b09877360-----ip: ::1----Other 0.0.0 / Other 0.0.0---status:200-----idUser :5d99fbd49b8f3155d83e1265---mobile number :09121111118---- block = false","level":"info"}
{"message":"localhost:3000------ POST------ date: 1398/7/15---- time : 11:10:39-----35e45ff0-0099-4245-8d3b-281dd5a489c3-----ip: ::1----Other 0.0.0 / Other 0.0.0---status:200-----idUser :5d99fbd49b8f3155d83e1265---mobile number :09121111118---- block = false","level":"info"}
{"message":"localhost:3000------ POST------ date: 1398/7/15---- time : 11:25:37-----ea76f127-b1d8-475b-9d70-76767f1f3984-----ip: ::1----Other 0.0.0 / Other 0.0.0---status:200-----idUser :5d99fbd49b8f3155d83e1265---mobile number :09121111118---- block = false","level":"info"}
{"message":"localhost:3000------ POST------ date: 1398/7/15---- time : 11:26:30-----5ec9cb76-c1b1-4eca-8044-15897a6c8b58-----ip: ::1----Other 0.0.0 / Other 0.0.0---status:200-----idUser :5d99fbd49b8f3155d83e1265---mobile number :09121111118---- block = false","level":"info"}
{"message":"localhost:3000------ POST------ date: 1398/7/15---- time : 11:28:16-----fb8a2ba9-5267-4ba3-a03a-420ba2500c45-----ip: ::1----Other 0.0.0 / Other 0.0.0---status:200-----idUser :5d99fbd49b8f3155d83e1265---mobile number :09121111118---- block = false","level":"info"}
{"message":"localhost:3000------ POST------ date: 1398/7/15---- time : 11:29:7-----774b435c-dd18-4b54-966f-e9caffcdb77d-----ip: ::1----Other 0.0.0 / Other 0.0.0---status:200-----idUser :5d99fbd49b8f3155d83e1265---mobile number :09121111118---- block = false","level":"info"}
{"message":"localhost:3000------ POST------ date: 1398/7/15---- time : 11:31:13-----5ec3c9c3-fd17-4c89-97e0-aada001b4701-----ip: ::1----Other 0.0.0 / Other 0.0.0---status:200-----idUser :5d99fbd49b8f3155d83e1265---mobile number :09121111118---- block = false","level":"info"}
{"message":"localhost:3000------ POST------ date: 1398/7/15---- time : 11:32:49-----0f4106a8-2f5b-4e68-a2d5-c3cece4e6c0c-----ip: ::1----Other 0.0.0 / Other 0.0.0---status:200-----idUser :5d99fbd49b8f3155d83e1265---mobile number :09121111118---- block = false","level":"info"}
{"message":"localhost:3000------ POST------ date: 1398/7/15---- time : 11:33:10-----c3732729-4cf9-464d-92cb-1a8f560dc3fc-----ip: ::1----Other 0.0.0 / Other 0.0.0---status:200-----idUser :5d99fbd49b8f3155d83e1265---mobile number :09121111118---- block = false","level":"info"}
{"message":"localhost:3000------ POST------ date: 1398/7/15---- time : 11:33:25-----643669b7-da5e-40bb-8e5b-352c196a9973-----ip: ::ffff:127.0.0.1----Other 0.0.0 / Other 0.0.0---status:200-----idUser :5d99fbd49b8f3155d83e1265---mobile number :09121111118---- block = false","level":"info"}
{"message":"localhost:3000------ POST------ date: 1398/7/15---- time : 11:35:30-----f5421d71-8500-4fa9-a4ed-03546dc7bf62-----ip: ::1----Other 0.0.0 / Other 0.0.0---status:200-----idUser :5d99fbd49b8f3155d83e1265---mobile number :09121111118---- block = false","level":"info"}
{"message":"localhost:3000------ POST------ date: 1398/7/15---- time : 11:36:1-----6ec4f07b-d3f7-4a7a-a723-dd11c0a931d5-----ip: ::1----Other 0.0.0 / Other 0.0.0---status:200-----idUser :5d99fbd49b8f3155d83e1265---mobile number :09121111118---- block = false","level":"info"}
{"message":"localhost:3000------ POST------ date: 1398/7/15---- time : 11:38:6-----b4126f57-834d-4e1e-aa7e-54d4d2247192-----ip: ::1----Other 0.0.0 / Other 0.0.0---status:200-----idUser :5d99fbd49b8f3155d83e1265---mobile number :09121111118---- block = false","level":"info"}
{"message":"localhost:3000------ POST------ date: 1398/7/15---- time : 11:38:37-----09174c0b-f427-41ff-8619-46a58e448cb5-----ip: ::1----Other 0.0.0 / Other 0.0.0---status:200-----idUser :5d99fbd49b8f3155d83e1265---mobile number :09121111118---- block = false","level":"info"}
{"message":"localhost:3000------ POST------ date: 1398/7/15---- time : 11:39:7-----54b6eb94-49c7-4df6-a100-41ffcfb9e0b5-----ip: ::ffff:127.0.0.1----Other 0.0.0 / Other 0.0.0---status:200-----idUser :5d99fbd49b8f3155d83e1265---mobile number :09121111118---- block = false","level":"info"}
{"message":"localhost:3000------ POST------ date: 1398/7/15---- time : 11:39:29-----2d7020b6-397c-474a-af33-12aa0ba5b899-----ip: ::1----Other 0.0.0 / Other 0.0.0---status:200-----idUser :5d99fbd49b8f3155d83e1265---mobile number :09121111118---- block = false","level":"info"}
{"message":"localhost:3000------ POST------ date: 1398/7/15---- time : 11:40:10-----56372608-cfe4-428b-a5f5-fcf7d82ee66a-----ip: ::1----Other 0.0.0 / Other 0.0.0---status:200-----idUser :5d99fbd49b8f3155d83e1265---mobile number :09121111118---- block = false","level":"info"}
{"message":"localhost:3000------ POST------ date: 1398/7/15---- time : 11:40:32-----7d875827-bf4e-412f-a70a-63fa764ee4c4-----ip: ::1----Other 0.0.0 / Other 0.0.0---status:200-----idUser :5d99fbd49b8f3155d83e1265---mobile number :09121111118---- block = false","level":"info"}
{"message":"localhost:3000------ POST------ date: 1398/7/15---- time : 11:41:10-----7ffd0773-9eb9-4ff8-a0d9-781fdaf1a529-----ip: ::1----Other 0.0.0 / Other 0.0.0---status:200-----idUser :5d99fbd49b8f3155d83e1265---mobile number :09121111118---- block = false","level":"info"}
{"message":"localhost:3000------ POST------ date: 1398/7/15---- time : 11:41:55-----af0349f8-01e3-4fe3-9bb8-321a7926dcb4-----ip: ::1----Other 0.0.0 / Other 0.0.0---status:200-----idUser :5d99fbd49b8f3155d83e1265---mobile number :09121111118---- block = false","level":"info"}
{"message":"localhost:3000------ POST------ date: 1398/7/15---- time : 11:49:9-----e4844048-883d-4a07-a58a-ec78855224e1-----ip: ::1----Other 0.0.0 / Other 0.0.0---status:200-----idUser :5d99fbd49b8f3155d83e1265---mobile number :09121111118---- block = false","level":"info"}
{"message":"localhost:3000------ POST------ date: 1398/7/15---- time : 11:49:17-----652acb3f-11f7-4727-94a3-3d353996f453-----ip: ::1----Other 0.0.0 / Other 0.0.0---status:200-----idUser :5d99fbd49b8f3155d83e1265---mobile number :09121111118---- block = false","level":"info"}
{"message":"localhost:3000------ POST------ date: 1398/7/15---- time : 11:49:25-----8e3fc517-4ba8-4e3d-9905-18afcca2ce38-----ip: ::1----Other 0.0.0 / Other 0.0.0---status:200-----idUser :5d99fbd49b8f3155d83e1265---mobile number :09121111118---- block = false","level":"info"}
{"message":"localhost:3000------ POST------ date: 1398/7/15---- time : 11:49:31-----f5bda79c-3dd6-4fc2-9dec-0d186b1cf6fd-----ip: ::1----Other 0.0.0 / Other 0.0.0---status:200-----idUser :5d99fbd49b8f3155d83e1265---mobile number :09121111118---- block = false","level":"info"}
{"message":"localhost:3000------ POST------ date: 1398/7/15---- time : 11:50:5-----1142410c-75d9-4b96-9dfb-f5bfd2cf268e-----ip: ::1----Other 0.0.0 / Other 0.0.0---status:200-----idUser :5d99fbd49b8f3155d83e1265---mobile number :09121111118---- block = false","level":"info"}
{"message":"localhost:3000------ POST------ date: 1398/7/15---- time : 11:50:43-----96639fe1-d21c-472c-8731-5119da583c90-----ip: ::1----Other 0.0.0 / Other 0.0.0---status:200-----idUser :5d99fbd49b8f3155d83e1265---mobile number :09121111118---- block = false","level":"info"}
{"message":"localhost:3000------ POST------ date: 1398/7/15---- time : 11:51:36-----a9c187dc-2324-4787-8915-a78339e58fe2-----ip: ::1----Other 0.0.0 / Other 0.0.0---status:200-----idUser :5d99fbd49b8f3155d83e1265---mobile number :09121111118---- block = false","level":"info"}
{"message":"localhost:3000------ POST------ date: 1398/7/15---- time : 11:51:44-----e626d41a-5cce-4c5c-bcd4-4e45bfa6e248-----ip: ::1----Other 0.0.0 / Other 0.0.0---status:200-----idUser :user not authorize---mobile number :user not authorize---- block = user not authorize","level":"info"}
{"message":"localhost:3000------ POST------ date: 1398/7/15---- time : 11:51:50-----f93f935e-cc12-46ab-8b35-6dc6f97e74aa-----ip: ::1----Other 0.0.0 / Other 0.0.0---status:200-----idUser :user not authorize---mobile number :user not authorize---- block = user not authorize","level":"info"}
{"message":"localhost:3000------ POST------ date: 1398/7/15---- time : 11:52:0-----93c39934-3821-49de-9920-29ef77090bd0-----ip: ::1----Other 0.0.0 / Other 0.0.0---status:200-----idUser :5d99fbd49b8f3155d83e1265---mobile number :09121111118---- block = false","level":"info"}
{"message":"localhost:3000------ POST------ date: 1398/7/15---- time : 11:52:26-----324c8f55-d015-468d-b8c9-f301fb05e5bd-----ip: ::1----Other 0.0.0 / Other 0.0.0---status:200-----idUser :5d99fbd49b8f3155d83e1265---mobile number :09121111118---- block = false","level":"info"}
{"message":"localhost:3000------ POST------ date: 1398/7/15---- time : 11:52:32-----34b48417-579f-4adc-91bc-28f39f590441-----ip: ::1----Other 0.0.0 / Other 0.0.0---status:200-----idUser :user not authorize---mobile number :user not authorize---- block = user not authorize","level":"info"}
{"message":"localhost:3000------ POST------ date: 1398/7/15---- time : 11:52:45-----30849b33-b9d5-46b0-a5e3-3d1200e84770-----ip: ::1----Other 0.0.0 / Other 0.0.0---status:200-----idUser :5d99fbd49b8f3155d83e1265---mobile number :09121111118---- block = false","level":"info"}
{"message":"localhost:3000------ POST------ date: 1398/7/15---- time : 11:52:51-----118be26a-d6e6-416f-a35b-682ef18ba22e-----ip: ::1----Other 0.0.0 / Other 0.0.0---status:200-----idUser :user not authorize---mobile number :user not authorize---- block = user not authorize","level":"info"}
{"message":"localhost:3000------ POST------ date: 1398/7/15---- time : 11:52:55-----61cc488d-932c-427f-ae67-68c887b899f1-----ip: ::1----Other 0.0.0 / Other 0.0.0---status:200-----idUser :user not authorize---mobile number :user not authorize---- block = user not authorize","level":"info"}
{"message":"localhost:3000------ POST------ date: 1398/7/15---- time : 12:6:37-----199e8200-6a36-40df-8a3a-4cda88951910-----ip: ::1----Other 0.0.0 / Other 0.0.0---status:200-----idUser :user not authorize---mobile number :user not authorize---- block = user not authorize","level":"info"}
{"message":"localhost:3000------ POST------ date: 1398/7/15---- time : 12:6:51-----68d0cf30-ea10-4d74-9af5-c301e984fe70-----ip: ::1----Other 0.0.0 / Other 0.0.0---status:200-----idUser :5d99fbd49b8f3155d83e1265---mobile number :09121111118---- block = false","level":"info"}
{"message":"localhost:3000------ POST------ date: 1398/7/15---- time : 12:7:25-----05f44921-e18d-49ef-96e2-246abd8ad856-----ip: ::1----Other 0.0.0 / Other 0.0.0---status:200-----idUser :user not authorize---mobile number :user not authorize---- block = user not authorize","level":"info"}
{"message":"localhost:3000------ POST------ date: 1398/7/15---- time : 12:7:33-----fe306f7e-5475-47e8-af19-ae12f9c6e62e-----ip: ::1----Other 0.0.0 / Other 0.0.0---status:200-----idUser :user not authorize---mobile number :user not authorize---- block = user not authorize","level":"info"}
{"message":"localhost:3000------ POST------ date: 1398/7/15---- time : 12:8:20-----9a1d6ef6-8e10-46ee-93e7-4bbbf63bd24f-----ip: ::1----Other 0.0.0 / Other 0.0.0---status:200-----idUser :5d99fbd49b8f3155d83e1265---mobile number :09121111118---- block = false","level":"info"}
{"message":"localhost:3000------ POST------ date: 1398/7/15---- time : 12:9:41-----09f14fb9-afcd-439f-9367-d9ed10af377b-----ip: ::1----Other 0.0.0 / Other 0.0.0---status:200-----idUser :user not authorize---mobile number :user not authorize---- block = user not authorize","level":"info"}
{"message":"localhost:3000------ POST------ date: 1398/7/15---- time : 12:9:57-----6f4765ac-0716-444a-bac7-51bb95f02f56-----ip: ::1----Other 0.0.0 / Other 0.0.0---status:200-----idUser :5d99b03ec1fbc95a90093195---mobile number :09121111117---- block = false","level":"info"}
{"message":"localhost:3000------ POST------ date: 1398/7/15---- time : 12:10:50-----f285a2c4-0451-4163-9f1e-1b292237326c-----ip: ::1----Other 0.0.0 / Other 0.0.0---status:200-----idUser :5d99b03ec1fbc95a90093195---mobile number :09121111117---- block = false","level":"info"}
{"message":"localhost:3000------ POST------ date: 1398/7/15---- time : 12:10:54-----803b0345-9bf5-4f26-af16-6ee7b8453ff7-----ip: ::1----Other 0.0.0 / Other 0.0.0---status:200-----idUser :user not authorize---mobile number :user not authorize---- block = user not authorize","level":"info"}
{"message":"localhost:3000------ POST------ date: 1398/7/15---- time : 12:11:12-----061de960-f079-429b-9bc6-fdba8241e56a-----ip: ::1----Other 0.0.0 / Other 0.0.0---status:200-----idUser :user not authorize---mobile number :user not authorize---- block = user not authorize","level":"info"}
{"message":"localhost:3000------ POST------ date: 1398/7/15---- time : 12:11:34-----2acc9f70-0e0a-4c15-9f9e-77cc1d33d731-----ip: ::1----Other 0.0.0 / Other 0.0.0---status:200-----idUser :user not authorize---mobile number :user not authorize---- block = user not authorize","level":"info"}
{"message":"localhost:3000------ POST------ date: 1398/7/15---- time : 12:12:3-----d1f35714-df81-4d78-ac63-ff453a1865a0-----ip: ::1----Other 0.0.0 / Other 0.0.0---status:200-----idUser :5d99fbd49b8f3155d83e1265---mobile number :09121111118---- block = false","level":"info"}
{"message":"localhost:3000------ POST------ date: 1398/7/15---- time : 12:24:19-----7398c578-80cd-4e38-8d2c-e79b662e8086-----ip: ::1----Other 0.0.0 / Other 0.0.0---status:200-----idUser :user not authorize---mobile number :user not authorize---- block = user not authorize","level":"info"}
{"message":"localhost:3000------ POST------ date: 1398/7/15---- time : 12:24:26-----8345b3d4-fff1-41ad-95bf-021c63d1bbe1-----ip: ::1----Other 0.0.0 / Other 0.0.0---status:200-----idUser :user not authorize---mobile number :user not authorize---- block = user not authorize","level":"info"}
{"message":"localhost:3000------ POST------ date: 1398/7/15---- time : 12:24:39-----1ec02f1f-5ef7-4355-835a-e152b9e39771-----ip: ::1----Other 0.0.0 / Other 0.0.0---status:200-----idUser :5d99fbd49b8f3155d83e1265---mobile number :09121111118---- block = false","level":"info"}
{"message":"localhost:3000------ POST------ date: 1398/7/15---- time : 12:28:29-----8c0dc84b-6194-48d2-a421-8cb51a7d4031-----ip: ::1----Other 0.0.0 / Other 0.0.0---status:200-----idUser :5d99fbd49b8f3155d83e1265---mobile number :09121111118---- block = false","level":"info"}
{"message":"localhost:3000------ POST------ date: 1398/7/15---- time : 12:30:18-----1163a0a8-a3a1-4414-b48b-428193594d9e-----ip: ::1----Other 0.0.0 / Other 0.0.0---status:200-----idUser :5d99fbd49b8f3155d83e1265---mobile number :09121111118---- block = false","level":"info"}
{"message":"localhost:3000------ POST------ date: 1398/7/15---- time : 12:30:25-----889800f3-91a8-4d43-9da4-20acc26c732a-----ip: ::1----Other 0.0.0 / Other 0.0.0---status:200-----idUser :5d99fbd49b8f3155d83e1265---mobile number :09121111118---- block = false","level":"info"}
{"message":"localhost:3000------ POST------ date: 1398/7/15---- time : 12:30:30-----387c2817-4832-44fa-8035-9c465069b08e-----ip: ::1----Other 0.0.0 / Other 0.0.0---status:200-----idUser :user not authorize---mobile number :user not authorize---- block = user not authorize","level":"info"}
{"message":"localhost:3000------ POST------ date: 1398/7/15---- time : 12:30:33-----eebaad29-8ab0-48a8-a44d-fcdf8ad11a50-----ip: ::1----Other 0.0.0 / Other 0.0.0---status:200-----idUser :user not authorize---mobile number :user not authorize---- block = user not authorize","level":"info"}
{"message":"localhost:3000------ POST------ date: 1398/7/15---- time : 12:30:57-----6d0fa607-1d46-451f-b9ba-0ad4eec4b1f2-----ip: ::1----Other 0.0.0 / Other 0.0.0---status:200-----idUser :5d99fbd49b8f3155d83e1265---mobile number :09121111118---- block = false","level":"info"}
{"message":"localhost:3000------ POST------ date: 1398/7/15---- time : 12:31:12-----deeda05f-7928-41f5-95e8-acdf500fb902-----ip: ::1----Other 0.0.0 / Other 0.0.0---status:200-----idUser :user not authorize---mobile number :user not authorize---- block = user not authorize","level":"info"}
{"message":"localhost:3000------ POST------ date: 1398/7/15---- time : 12:32:58-----1b90e1fa-abb1-4fd7-8ad2-9bd91468ba2f-----ip: ::1----Other 0.0.0 / Other 0.0.0---status:200-----idUser :5d99fbd49b8f3155d83e1265---mobile number :09121111118---- block = false","level":"info"}
{"message":"localhost:3000------ POST------ date: 1398/7/15---- time : 12:33:8-----2dfffd6d-48c0-4611-856f-a4e895545b3c-----ip: ::1----Other 0.0.0 / Other 0.0.0---status:200-----idUser :5d99fbd49b8f3155d83e1265---mobile number :09121111118---- block = false","level":"info"}
{"message":"localhost:3000------ POST------ date: 1398/7/15---- time : 12:33:14-----986a467c-39fa-40c4-9493-b13b2e174a78-----ip: ::1----Other 0.0.0 / Other 0.0.0---status:200-----idUser :user not authorize---mobile number :user not authorize---- block = user not authorize","level":"info"}
{"message":"localhost:3000------ POST------ date: 1398/7/15---- time : 12:33:19-----c567b662-1b0b-46a0-a4b2-ce31e888a608-----ip: ::1----Other 0.0.0 / Other 0.0.0---status:200-----idUser :user not authorize---mobile number :user not authorize---- block = user not authorize","level":"info"}
