{"message":"localhost:3000------ GET------ date: 1398/7/13---- time : 0:0:34-----6e7c9bba-b635-4c09-bf65-afc308f17283-----ip: ::1----Chrome 77.0.3865 / Linux 0.0.0---status:200-----idUser :user not authorize---mobile number :user not authorize---- block = user not authorize","level":"info"}
{"message":"localhost:3000------ GET------ date: 1398/7/13---- time : 0:1:5-----e329f2da-2db6-41c3-840b-c2993f6770e6-----ip: ::1----Chrome 77.0.3865 / Linux 0.0.0---status:200-----idUser :user not authorize---mobile number :user not authorize---- block = user not authorize","level":"info"}
{"message":"localhost:3000------ GET------ date: 1398/7/13---- time : 0:1:30-----46ec0f58-5dd2-4cbe-81b7-d14f7d1e81ff-----ip: ::1----Chrome 77.0.3865 / Linux 0.0.0---status:200-----idUser :user not authorize---mobile number :user not authorize---- block = user not authorize","level":"info"}
{"message":"localhost:3000------ GET------ date: 1398/7/13---- time : 0:1:54-----af12a40f-3df1-496d-9d70-6e45c5c4e1ce-----ip: ::1----Chrome 77.0.3865 / Linux 0.0.0---status:200-----idUser :user not authorize---mobile number :user not authorize---- block = user not authorize","level":"info"}
{"message":"localhost:3000------ GET------ date: 1398/7/13---- time : 0:3:56-----685ccf8c-7c2b-48b0-a880-ca4610bd8160-----ip: ::1----Chrome 77.0.3865 / Linux 0.0.0---status:200-----idUser :user not authorize---mobile number :user not authorize---- block = user not authorize","level":"info"}
{"message":"localhost:3000------ GET------ date: 1398/7/13---- time : 0:4:42-----4eccd856-e533-4be2-a05c-f38e8315de1b-----ip: ::1----Chrome 77.0.3865 / Linux 0.0.0---status:200-----idUser :user not authorize---mobile number :user not authorize---- block = user not authorize","level":"info"}
{"message":"localhost:3000------ GET------ date: 1398/7/13---- time : 0:5:36-----a807fa1f-40f6-4b3a-ae9d-e161cb6cee83-----ip: ::1----Chrome 77.0.3865 / Linux 0.0.0---status:200-----idUser :user not authorize---mobile number :user not authorize---- block = user not authorize","level":"info"}
{"message":"localhost:3000------ GET------ date: 1398/7/13---- time : 0:10:35-----37256cc4-026e-43ff-b3bc-88824295942d-----ip: ::1----Chrome 77.0.3865 / Linux 0.0.0---status:200-----idUser :user not authorize---mobile number :user not authorize---- block = user not authorize","level":"info"}
{"message":"localhost:3000------ GET------ date: 1398/7/13---- time : 0:15:3-----c94dad5b-dceb-448d-a7f8-25a031ac9c8d-----ip: ::1----Chrome 77.0.3865 / Linux 0.0.0---status:200-----idUser :user not authorize---mobile number :user not authorize---- block = user not authorize","level":"info"}
{"message":"localhost:3000------ GET------ date: 1398/7/13---- time : 0:17:25-----6bc70de9-7d18-4594-b534-ea604a31dcc5-----ip: ::1----Chrome 77.0.3865 / Linux 0.0.0---status:200-----idUser :user not authorize---mobile number :user not authorize---- block = user not authorize","level":"info"}
{"message":"localhost:3000------ GET------ date: 1398/7/13---- time : 0:17:27-----fb9c41d4-2d1e-4038-a75b-5ca27cd12528-----ip: ::1----Chrome 77.0.3865 / Linux 0.0.0---status:200-----idUser :user not authorize---mobile number :user not authorize---- block = user not authorize","level":"info"}
{"message":"localhost:3000------ GET------ date: 1398/7/13---- time : 0:18:17-----57b7bd04-b767-45a5-b0e7-f29edf72b1f5-----ip: ::1----Chrome 77.0.3865 / Linux 0.0.0---status:200-----idUser :user not authorize---mobile number :user not authorize---- block = user not authorize","level":"info"}
{"message":"localhost:3000------ GET------ date: 1398/7/13---- time : 0:21:39-----b40457f6-3074-48bb-a076-c99bbfacbcc2-----ip: ::1----Chrome 77.0.3865 / Linux 0.0.0---status:200-----idUser :user not authorize---mobile number :user not authorize---- block = user not authorize","level":"info"}
{"message":"localhost:3000------ POST------ date: 1398/7/13---- time : 10:23:25-----6d6f7944-fc79-4561-9996-4ed16e3548d4-----ip: ::1----Other 0.0.0 / Other 0.0.0---status:200-----idUser :user not authorize---mobile number :user not authorize---- block = user not authorize","level":"info"}
{"message":"localhost:3000------ POST------ date: 1398/7/13---- time : 10:25:27-----9545c63a-adf1-4388-b2a0-c380c6110dc7-----ip: ::1----Other 0.0.0 / Other 0.0.0---status:200-----idUser :user not authorize---mobile number :user not authorize---- block = user not authorize","level":"info"}
{"message":"localhost:3000------ POST------ date: 1398/7/13---- time : 10:29:18-----39b5c4ec-4d61-4ed0-9f4c-118dff07c575-----ip: ::1----Other 0.0.0 / Other 0.0.0---status:200-----idUser :5d983de5e312aa3cf0572241---mobile number :09396561733---- block = false","level":"info"}
{"message":"localhost:3000------ POST------ date: 1398/7/13---- time : 10:29:36-----5b83a62e-10f3-48ef-8cf1-f8d839525eb5-----ip: ::1----Other 0.0.0 / Other 0.0.0---status:200-----idUser :5d983de5e312aa3cf0572241---mobile number :09396561733---- block = false","level":"info"}
{"message":"localhost:3000------ POST------ date: 1398/7/13---- time : 10:29:47-----63b4754d-c6ce-4980-bb79-de6c6a34e13b-----ip: ::1----Other 0.0.0 / Other 0.0.0---status:200-----idUser :5d983de5e312aa3cf0572241---mobile number :09396561733---- block = false","level":"info"}
{"message":"localhost:3000------ POST------ date: 1398/7/13---- time : 10:30:14-----c063bce3-bd83-4146-94a9-ccd52d4b5575-----ip: ::1----Other 0.0.0 / Other 0.0.0---status:200-----idUser :5d983de5e312aa3cf0572241---mobile number :09396561733---- block = false","level":"info"}
{"message":"localhost:3000------ POST------ date: 1398/7/13---- time : 10:37:4-----0d6b4382-7a53-4f91-8dbf-eb7fb5e81a41-----ip: ::1----Other 0.0.0 / Other 0.0.0---status:200-----idUser :5d983de5e312aa3cf0572241---mobile number :09396561733---- block = false","level":"info"}
{"message":"localhost:3000------ POST------ date: 1398/7/13---- time : 10:37:27-----89346047-f75e-4df9-a1c4-a9bd94816150-----ip: ::1----Other 0.0.0 / Other 0.0.0---status:200-----idUser :5d983de5e312aa3cf0572241---mobile number :09396561733---- block = false","level":"info"}
{"message":"localhost:3000------ POST------ date: 1398/7/13---- time : 10:37:52-----ab2e7187-34ef-4ff5-87b5-806411ec8062-----ip: ::1----Other 0.0.0 / Other 0.0.0---status:200-----idUser :5d983de5e312aa3cf0572241---mobile number :09396561733---- block = false","level":"info"}
{"message":"localhost:3000------ POST------ date: 1398/7/13---- time : 10:39:12-----a7f85a9f-6b84-4340-bd0a-5decc2ace881-----ip: ::1----Other 0.0.0 / Other 0.0.0---status:200-----idUser :5d983de5e312aa3cf0572241---mobile number :09396561733---- block = false","level":"info"}
{"message":"localhost:3000------ POST------ date: 1398/7/13---- time : 10:39:55-----0d1f7e03-bc8f-4de0-bdce-b80d6d9c4818-----ip: ::1----Other 0.0.0 / Other 0.0.0---status:200-----idUser :5d983de5e312aa3cf0572241---mobile number :09396561733---- block = false","level":"info"}
{"message":"localhost:3000------ POST------ date: 1398/7/13---- time : 10:40:9-----5b710021-9b6c-4837-9ced-8e617ce3a46d-----ip: ::1----Other 0.0.0 / Other 0.0.0---status:200-----idUser :5d983de5e312aa3cf0572241---mobile number :09396561733---- block = false","level":"info"}
{"message":"localhost:3000------ POST------ date: 1398/7/13---- time : 10:40:19-----84b0a68a-d037-4a24-b11a-a63961809841-----ip: ::1----Other 0.0.0 / Other 0.0.0---status:200-----idUser :5d983de5e312aa3cf0572241---mobile number :09396561733---- block = false","level":"info"}
{"message":"localhost:3000------ POST------ date: 1398/7/13---- time : 10:43:34-----d8dce5da-84e1-455c-b9ae-3d0d8134b06f-----ip: ::1----Other 0.0.0 / Other 0.0.0---status:200-----idUser :5d983de5e312aa3cf0572241---mobile number :09396561733---- block = false","level":"info"}
{"message":"localhost:3000------ POST------ date: 1398/7/13---- time : 10:43:44-----4eb6d0c5-7009-42d7-8709-7d6e8512afa2-----ip: ::1----Other 0.0.0 / Other 0.0.0---status:200-----idUser :5d983de5e312aa3cf0572241---mobile number :09396561733---- block = false","level":"info"}
{"message":"localhost:3000------ POST------ date: 1398/7/13---- time : 10:44:9-----8215e9a6-4841-46e4-a13a-1e8244935d7d-----ip: ::1----Other 0.0.0 / Other 0.0.0---status:200-----idUser :5d983de5e312aa3cf0572241---mobile number :09396561733---- block = false","level":"info"}
{"message":"localhost:3000------ POST------ date: 1398/7/13---- time : 10:46:11-----321bb69c-ccde-40f5-8a31-d73875bbb021-----ip: ::1----Other 0.0.0 / Other 0.0.0---status:200-----idUser :5d983de5e312aa3cf0572241---mobile number :09396561733---- block = false","level":"info"}
{"message":"localhost:3000------ POST------ date: 1398/7/13---- time : 10:46:37-----042e45db-97ee-4c14-89ff-b83c5f1a980e-----ip: ::1----Other 0.0.0 / Other 0.0.0---status:200-----idUser :5d983de5e312aa3cf0572241---mobile number :09396561733---- block = false","level":"info"}
{"message":"localhost:3000------ POST------ date: 1398/7/13---- time : 10:47:19-----f4966496-e588-4e4b-998f-155a8bdeb460-----ip: ::1----Other 0.0.0 / Other 0.0.0---status:200-----idUser :5d983de5e312aa3cf0572241---mobile number :09396561733---- block = false","level":"info"}
{"message":"localhost:3000------ POST------ date: 1398/7/13---- time : 10:47:36-----6d15bae6-7043-45ff-b024-965a3fc5def5-----ip: ::1----Other 0.0.0 / Other 0.0.0---status:200-----idUser :5d983de5e312aa3cf0572241---mobile number :09396561733---- block = false","level":"info"}
{"message":"localhost:3000------ POST------ date: 1398/7/13---- time : 10:55:26-----fc58a7be-9e9a-4a34-9fcd-3c0ca6863f5d-----ip: ::1----Other 0.0.0 / Other 0.0.0---status:200-----idUser :5d983de5e312aa3cf0572241---mobile number :09396561733---- block = false","level":"info"}
{"message":"localhost:3000------ POST------ date: 1398/7/13---- time : 10:55:51-----51b1d65b-b4af-4d49-bbc6-cc2c23b877fb-----ip: ::1----Other 0.0.0 / Other 0.0.0---status:200-----idUser :5d983de5e312aa3cf0572241---mobile number :09396561733---- block = false","level":"info"}
{"message":"localhost:3000------ POST------ date: 1398/7/13---- time : 10:56:6-----d85b51d8-b4c8-4c5a-83af-0d13968f94dc-----ip: ::1----Other 0.0.0 / Other 0.0.0---status:200-----idUser :5d983de5e312aa3cf0572241---mobile number :09396561733---- block = false","level":"info"}
{"message":"localhost:3000------ POST------ date: 1398/7/13---- time : 10:56:23-----3ddd6a45-e5cf-45bd-9697-b6b63e634d8a-----ip: ::1----Other 0.0.0 / Other 0.0.0---status:200-----idUser :5d983de5e312aa3cf0572241---mobile number :09396561733---- block = false","level":"info"}
{"message":"localhost:3000------ POST------ date: 1398/7/13---- time : 11:0:4-----b10ae2c1-a34b-479d-90e4-37903cea2150-----ip: ::1----Other 0.0.0 / Other 0.0.0---status:200-----idUser :5d983de5e312aa3cf0572241---mobile number :09396561733---- block = false","level":"info"}
{"message":"localhost:3000------ POST------ date: 1398/7/13---- time : 11:0:33-----b55bfc86-7581-49c2-a6e1-5aa7b269e580-----ip: ::1----Other 0.0.0 / Other 0.0.0---status:200-----idUser :5d983de5e312aa3cf0572241---mobile number :09396561733---- block = false","level":"info"}
{"message":"localhost:3000------ POST------ date: 1398/7/13---- time : 11:4:26-----38b05153-0205-4ae0-b622-51a97fabe068-----ip: ::1----Other 0.0.0 / Other 0.0.0---status:200-----idUser :5d983de5e312aa3cf0572241---mobile number :09396561733---- block = false","level":"info"}
{"message":"localhost:3000------ POST------ date: 1398/7/13---- time : 11:4:33-----2186262c-4989-4b90-9ea6-4c4f400385a4-----ip: ::1----Other 0.0.0 / Other 0.0.0---status:200-----idUser :5d983de5e312aa3cf0572241---mobile number :09396561733---- block = false","level":"info"}
{"message":"localhost:3000------ POST------ date: 1398/7/13---- time : 11:5:46-----9f1dbad0-b0c8-4d2b-85d1-939900e7315b-----ip: ::1----Other 0.0.0 / Other 0.0.0---status:200-----idUser :5d983de5e312aa3cf0572241---mobile number :09396561733---- block = false","level":"info"}
{"message":"localhost:3000------ POST------ date: 1398/7/13---- time : 11:5:59-----4b95a2eb-eed7-4380-b98e-ca8eb14ae122-----ip: ::1----Other 0.0.0 / Other 0.0.0---status:200-----idUser :5d983de5e312aa3cf0572241---mobile number :09396561733---- block = false","level":"info"}
{"message":"localhost:3000------ POST------ date: 1398/7/13---- time : 11:6:24-----8b9748b1-a0f3-4639-8e10-8e3997fc17de-----ip: ::1----Other 0.0.0 / Other 0.0.0---status:200-----idUser :5d983de5e312aa3cf0572241---mobile number :09396561733---- block = false","level":"info"}
{"message":"localhost:3000------ POST------ date: 1398/7/13---- time : 11:8:20-----53de4b1a-7fe5-4a0d-bad7-6038f3fa2ff8-----ip: ::1----Other 0.0.0 / Other 0.0.0---status:200-----idUser :5d983de5e312aa3cf0572241---mobile number :09396561733---- block = false","level":"info"}
{"message":"localhost:3000------ POST------ date: 1398/7/13---- time : 11:11:9-----1670fbbc-8c1e-404f-85b2-364e90a6bd14-----ip: ::1----Other 0.0.0 / Other 0.0.0---status:200-----idUser :5d983de5e312aa3cf0572241---mobile number :09396561733---- block = false","level":"info"}
{"message":"localhost:3000------ POST------ date: 1398/7/13---- time : 11:11:45-----2428fb06-f0c6-4e2d-8318-b51167c58052-----ip: ::1----Other 0.0.0 / Other 0.0.0---status:200-----idUser :5d983de5e312aa3cf0572241---mobile number :09396561733---- block = false","level":"info"}
{"message":"localhost:3000------ POST------ date: 1398/7/13---- time : 11:13:44-----e841c22d-a258-4a6c-b783-256d1586a041-----ip: ::1----Other 0.0.0 / Other 0.0.0---status:200-----idUser :5d983de5e312aa3cf0572241---mobile number :09396561733---- block = false","level":"info"}
{"message":"localhost:3000------ POST------ date: 1398/7/13---- time : 11:14:2-----be858453-c3ec-4d93-b5c6-830a3c964091-----ip: ::1----Other 0.0.0 / Other 0.0.0---status:200-----idUser :5d983de5e312aa3cf0572241---mobile number :09396561733---- block = false","level":"info"}
{"message":"localhost:3000------ POST------ date: 1398/7/13---- time : 11:14:21-----29354326-9ca7-4a8f-80d2-4236cd011aa2-----ip: ::1----Other 0.0.0 / Other 0.0.0---status:200-----idUser :5d983de5e312aa3cf0572241---mobile number :09396561733---- block = false","level":"info"}
{"message":"localhost:3000------ POST------ date: 1398/7/13---- time : 11:15:27-----7f1618af-cd9f-4b1c-8918-ae4bf5ac80e1-----ip: ::1----Other 0.0.0 / Other 0.0.0---status:200-----idUser :5d983de5e312aa3cf0572241---mobile number :09396561733---- block = false","level":"info"}
{"message":"localhost:3000------ POST------ date: 1398/7/13---- time : 11:15:33-----03257ce1-860c-44bf-970a-74997a491d17-----ip: ::1----Other 0.0.0 / Other 0.0.0---status:200-----idUser :5d983de5e312aa3cf0572241---mobile number :09396561733---- block = false","level":"info"}
{"message":"localhost:3000------ POST------ date: 1398/7/13---- time : 11:16:28-----8bf3f649-000e-41b3-a0c8-b1464cabde3f-----ip: ::1----Other 0.0.0 / Other 0.0.0---status:200-----idUser :5d983de5e312aa3cf0572241---mobile number :09396561733---- block = false","level":"info"}
{"message":"localhost:3000------ POST------ date: 1398/7/13---- time : 11:16:37-----a6eac799-0c9f-4ec7-b376-e33cdd287bd4-----ip: ::1----Other 0.0.0 / Other 0.0.0---status:200-----idUser :5d983de5e312aa3cf0572241---mobile number :09396561733---- block = false","level":"info"}
{"message":"localhost:3000------ POST------ date: 1398/7/13---- time : 11:16:49-----b086cc6f-2d08-459d-993d-86824adc654a-----ip: ::1----Other 0.0.0 / Other 0.0.0---status:200-----idUser :5d983de5e312aa3cf0572241---mobile number :09396561733---- block = false","level":"info"}
{"message":"localhost:3000------ POST------ date: 1398/7/13---- time : 11:19:1-----eba97a98-1486-4d06-a050-97fbd6408168-----ip: ::1----Other 0.0.0 / Other 0.0.0---status:200-----idUser :5d983de5e312aa3cf0572241---mobile number :09396561733---- block = false","level":"info"}
{"message":"localhost:3000------ POST------ date: 1398/7/13---- time : 11:19:34-----95472178-21fc-42b4-8903-f1a0ab749497-----ip: ::1----Other 0.0.0 / Other 0.0.0---status:200-----idUser :5d983de5e312aa3cf0572241---mobile number :09396561733---- block = false","level":"info"}
{"message":"localhost:3000------ POST------ date: 1398/7/13---- time : 11:20:30-----392285e3-8cae-41c4-a3b7-6583e225935f-----ip: ::1----Other 0.0.0 / Other 0.0.0---status:200-----idUser :5d983de5e312aa3cf0572241---mobile number :09396561733---- block = false","level":"info"}
{"message":"localhost:3000------ POST------ date: 1398/7/13---- time : 11:20:50-----1ab52749-bb4c-4d11-ad8c-8775abf844ff-----ip: ::1----Other 0.0.0 / Other 0.0.0---status:200-----idUser :5d983de5e312aa3cf0572241---mobile number :09396561733---- block = false","level":"info"}
{"message":"localhost:3000------ POST------ date: 1398/7/13---- time : 11:20:58-----49c4b89b-1e90-4c73-9c30-75f21e9e8b8f-----ip: ::1----Other 0.0.0 / Other 0.0.0---status:200-----idUser :5d983de5e312aa3cf0572241---mobile number :09396561733---- block = false","level":"info"}
{"message":"localhost:3000------ POST------ date: 1398/7/13---- time : 11:21:9-----408a4d12-c661-4c60-99d0-55f0db9d0b32-----ip: ::1----Other 0.0.0 / Other 0.0.0---status:200-----idUser :5d983de5e312aa3cf0572241---mobile number :09396561733---- block = false","level":"info"}
{"message":"localhost:3000------ POST------ date: 1398/7/13---- time : 11:21:27-----a90042b1-6763-48ce-b12f-45dce6f6e925-----ip: ::1----Other 0.0.0 / Other 0.0.0---status:200-----idUser :5d983de5e312aa3cf0572241---mobile number :09396561733---- block = false","level":"info"}
{"message":"localhost:3000------ POST------ date: 1398/7/13---- time : 11:24:38-----afc647ce-4ddb-4636-ad10-9be27797c53e-----ip: ::1----Other 0.0.0 / Other 0.0.0---status:200-----idUser :5d983de5e312aa3cf0572241---mobile number :09396561733---- block = false","level":"info"}
{"message":"localhost:3000------ POST------ date: 1398/7/13---- time : 11:25:5-----1bcdeef1-f995-4792-a493-b216f443f7dd-----ip: ::1----Other 0.0.0 / Other 0.0.0---status:200-----idUser :5d983de5e312aa3cf0572241---mobile number :09396561733---- block = false","level":"info"}
{"message":"localhost:3000------ POST------ date: 1398/7/13---- time : 11:25:23-----6fd10d30-58f2-4efc-90e9-6c473923f992-----ip: ::1----Other 0.0.0 / Other 0.0.0---status:200-----idUser :5d983de5e312aa3cf0572241---mobile number :09396561733---- block = false","level":"info"}
{"message":"localhost:3000------ POST------ date: 1398/7/13---- time : 11:26:24-----e6dbc941-139a-4d19-a26c-c44e44025d36-----ip: ::1----Other 0.0.0 / Other 0.0.0---status:200-----idUser :5d983de5e312aa3cf0572241---mobile number :09396561733---- block = false","level":"info"}
{"message":"localhost:3000------ POST------ date: 1398/7/13---- time : 11:26:39-----b148e4a4-29d7-41dd-9f88-79f577bc8cbc-----ip: ::1----Other 0.0.0 / Other 0.0.0---status:200-----idUser :5d983de5e312aa3cf0572241---mobile number :09396561733---- block = false","level":"info"}
{"message":"localhost:3000------ POST------ date: 1398/7/13---- time : 11:26:48-----43622b8b-5b87-4e68-8795-d3ddf3ef46e9-----ip: ::1----Other 0.0.0 / Other 0.0.0---status:200-----idUser :5d983de5e312aa3cf0572241---mobile number :09396561733---- block = false","level":"info"}
{"message":"localhost:3000------ POST------ date: 1398/7/13---- time : 11:27:0-----bfb6e16e-cc63-4a40-83ca-8e6fe4af3866-----ip: ::1----Other 0.0.0 / Other 0.0.0---status:200-----idUser :5d983de5e312aa3cf0572241---mobile number :09396561733---- block = false","level":"info"}
{"message":"localhost:3000------ GET------ date: 1398/7/13---- time : 11:58:15-----3e41c552-2447-486d-aa1a-1bb2e4d859dd-----ip: ::1----Other 0.0.0 / Other 0.0.0---status:200-----idUser :5d983de5e312aa3cf0572241---mobile number :09396561733---- block = false","level":"info"}
{"message":"localhost:3000------ GET------ date: 1398/7/13---- time : 11:58:27-----bf7cdb53-c9c3-4117-9e9a-b9125ec121e4-----ip: ::1----Other 0.0.0 / Other 0.0.0---status:200-----idUser :5d983de5e312aa3cf0572241---mobile number :09396561733---- block = false","level":"info"}
{"message":"localhost:3000------ GET------ date: 1398/7/13---- time : 11:58:36-----6ca42ec9-8ea3-4d8e-8eb3-6d9067c71db6-----ip: ::1----Other 0.0.0 / Other 0.0.0---status:200-----idUser :5d983de5e312aa3cf0572241---mobile number :09396561733---- block = false","level":"info"}
{"message":"localhost:3000------ GET------ date: 1398/7/13---- time : 12:0:21-----ff0a0f84-27fc-4935-9b44-fcca9ebd1e4b-----ip: ::1----Other 0.0.0 / Other 0.0.0---status:200-----idUser :5d983de5e312aa3cf0572241---mobile number :09396561733---- block = false","level":"info"}
{"message":"localhost:3000------ GET------ date: 1398/7/13---- time : 12:1:17-----d2d83a05-e10e-4354-8a0b-d567ba8810ca-----ip: ::1----Other 0.0.0 / Other 0.0.0---status:200-----idUser :5d983de5e312aa3cf0572241---mobile number :09396561733---- block = false","level":"info"}
{"message":"localhost:3000------ GET------ date: 1398/7/13---- time : 12:2:22-----bd14273d-c784-4d71-8f9b-b40f7a84eab6-----ip: ::1----Other 0.0.0 / Other 0.0.0---status:200-----idUser :5d983de5e312aa3cf0572241---mobile number :09396561733---- block = false","level":"info"}
{"message":"localhost:3000------ GET------ date: 1398/7/13---- time : 12:4:47-----efb8a9ed-0e83-4d9c-96eb-201e60174b53-----ip: ::1----Other 0.0.0 / Other 0.0.0---status:200-----idUser :5d983de5e312aa3cf0572241---mobile number :09396561733---- block = false","level":"info"}
{"message":"localhost:3000------ GET------ date: 1398/7/13---- time : 12:5:56-----c4030734-8e64-4432-bcd0-d75d646c18da-----ip: ::1----Other 0.0.0 / Other 0.0.0---status:200-----idUser :5d983de5e312aa3cf0572241---mobile number :09396561733---- block = false","level":"info"}
{"message":"localhost:3000------ GET------ date: 1398/7/13---- time : 12:6:33-----c48a5bcb-eedf-48f1-9078-e49952d521e1-----ip: ::1----Other 0.0.0 / Other 0.0.0---status:200-----idUser :5d983de5e312aa3cf0572241---mobile number :09396561733---- block = false","level":"info"}
{"message":"localhost:3000------ GET------ date: 1398/7/13---- time : 12:7:0-----d981587b-a3ac-4ee2-a3de-39453e39fda8-----ip: ::1----Other 0.0.0 / Other 0.0.0---status:200-----idUser :5d983de5e312aa3cf0572241---mobile number :09396561733---- block = false","level":"info"}
{"message":"localhost:3000------ GET------ date: 1398/7/13---- time : 12:8:25-----bf9c2e7f-f527-465f-a2e5-2f502ed16b61-----ip: ::1----Other 0.0.0 / Other 0.0.0---status:200-----idUser :5d983de5e312aa3cf0572241---mobile number :09396561733---- block = false","level":"info"}
{"message":"localhost:3000------ GET------ date: 1398/7/13---- time : 12:9:30-----131876c4-bbe1-4583-9325-4b21fa4e4dbc-----ip: ::1----Other 0.0.0 / Other 0.0.0---status:200-----idUser :5d983de5e312aa3cf0572241---mobile number :09396561733---- block = false","level":"info"}
{"message":"localhost:3000------ GET------ date: 1398/7/13---- time : 12:11:6-----b6aa914f-10fd-42c4-a266-a1a6cc6cf160-----ip: ::1----Other 0.0.0 / Other 0.0.0---status:200-----idUser :5d983de5e312aa3cf0572241---mobile number :09396561733---- block = false","level":"info"}
{"message":"localhost:3000------ GET------ date: 1398/7/13---- time : 12:11:45-----595e6972-2187-4899-b574-2d01e3ff790a-----ip: ::1----Other 0.0.0 / Other 0.0.0---status:200-----idUser :5d983de5e312aa3cf0572241---mobile number :09396561733---- block = false","level":"info"}
{"message":"localhost:3000------ GET------ date: 1398/7/13---- time : 12:12:5-----53dfbaa3-28ae-4beb-a44b-604868e4d1f4-----ip: ::ffff:127.0.0.1----Other 0.0.0 / Other 0.0.0---status:200-----idUser :5d983de5e312aa3cf0572241---mobile number :09396561733---- block = false","level":"info"}
{"message":"localhost:3000------ GET------ date: 1398/7/13---- time : 12:12:34-----9f4f4c58-55c3-426b-b08e-a6c4bd3f12c9-----ip: ::ffff:127.0.0.1----Other 0.0.0 / Other 0.0.0---status:200-----idUser :5d983de5e312aa3cf0572241---mobile number :09396561733---- block = false","level":"info"}
{"message":"localhost:3000------ GET------ date: 1398/7/13---- time : 12:13:23-----f71479b8-e055-46b6-811c-106bbd5f3370-----ip: ::1----Other 0.0.0 / Other 0.0.0---status:200-----idUser :5d983de5e312aa3cf0572241---mobile number :09396561733---- block = false","level":"info"}
{"message":"localhost:3000------ GET------ date: 1398/7/13---- time : 12:15:19-----49530536-e810-4bff-bcf0-24c10031f974-----ip: ::1----Other 0.0.0 / Other 0.0.0---status:200-----idUser :5d983de5e312aa3cf0572241---mobile number :09396561733---- block = false","level":"info"}
{"message":"localhost:3000------ GET------ date: 1398/7/13---- time : 12:16:13-----d867ceab-67ab-452d-9ccf-6eb280c6250a-----ip: ::1----Other 0.0.0 / Other 0.0.0---status:200-----idUser :5d983de5e312aa3cf0572241---mobile number :09396561733---- block = false","level":"info"}
{"message":"localhost:3000------ GET------ date: 1398/7/13---- time : 12:16:46-----9d626b8b-67b1-4b12-b607-4e4e7696b825-----ip: ::1----Other 0.0.0 / Other 0.0.0---status:200-----idUser :5d983de5e312aa3cf0572241---mobile number :09396561733---- block = false","level":"info"}
{"message":"localhost:3000------ GET------ date: 1398/7/13---- time : 12:17:51-----0be99762-7c53-4e99-bcc6-fc620ed521e3-----ip: ::1----Other 0.0.0 / Other 0.0.0---status:200-----idUser :5d983de5e312aa3cf0572241---mobile number :09396561733---- block = false","level":"info"}
{"message":"localhost:3000------ GET------ date: 1398/7/13---- time : 12:18:5-----05a25332-4278-415a-ae2a-2fc3008dc3fb-----ip: ::ffff:127.0.0.1----Other 0.0.0 / Other 0.0.0---status:200-----idUser :5d983de5e312aa3cf0572241---mobile number :09396561733---- block = false","level":"info"}
{"message":"localhost:3000------ GET------ date: 1398/7/13---- time : 12:18:23-----d74b18ef-d3f5-4b49-a0a8-0edd345821e3-----ip: ::1----Other 0.0.0 / Other 0.0.0---status:200-----idUser :5d983de5e312aa3cf0572241---mobile number :09396561733---- block = false","level":"info"}
{"message":"localhost:3000------ GET------ date: 1398/7/13---- time : 12:22:56-----2c548d16-2841-4434-a097-0cff0d0ae87d-----ip: ::1----Other 0.0.0 / Other 0.0.0---status:200-----idUser :5d983de5e312aa3cf0572241---mobile number :09396561733---- block = false","level":"info"}
{"message":"localhost:3000------ GET------ date: 1398/7/13---- time : 12:24:12-----c382ad1e-4a97-413c-860c-6237727bf052-----ip: ::1----Other 0.0.0 / Other 0.0.0---status:200-----idUser :5d983de5e312aa3cf0572241---mobile number :09396561733---- block = false","level":"info"}
{"message":"localhost:3000------ GET------ date: 1398/7/13---- time : 12:25:12-----b0bacd13-6e83-4353-a024-e1c7293d81e4-----ip: ::1----Other 0.0.0 / Other 0.0.0---status:200-----idUser :5d983de5e312aa3cf0572241---mobile number :09396561733---- block = false","level":"info"}
{"message":"localhost:3000------ GET------ date: 1398/7/13---- time : 12:25:54-----11643771-d1b3-4aac-bdf0-fe4f9dd66506-----ip: ::1----Other 0.0.0 / Other 0.0.0---status:200-----idUser :5d983de5e312aa3cf0572241---mobile number :09396561733---- block = false","level":"info"}
{"message":"localhost:3000------ GET------ date: 1398/7/13---- time : 12:26:13-----7ef26f7c-cd5e-4810-a8bc-76fa0de8073d-----ip: ::ffff:127.0.0.1----Other 0.0.0 / Other 0.0.0---status:200-----idUser :5d983de5e312aa3cf0572241---mobile number :09396561733---- block = false","level":"info"}
{"message":"localhost:3000------ GET------ date: 1398/7/13---- time : 12:26:22-----67b23c77-290c-4788-ac1d-493f33101fa9-----ip: ::1----Other 0.0.0 / Other 0.0.0---status:200-----idUser :5d983de5e312aa3cf0572241---mobile number :09396561733---- block = false","level":"info"}
{"message":"localhost:3000------ GET------ date: 1398/7/13---- time : 12:27:20-----7e0855cc-86f1-48f1-aa63-d0ffe51394ef-----ip: ::1----Other 0.0.0 / Other 0.0.0---status:200-----idUser :5d983de5e312aa3cf0572241---mobile number :09396561733---- block = false","level":"info"}
{"message":"localhost:3000------ GET------ date: 1398/7/13---- time : 12:29:59-----094b4918-7197-4d7c-9bf9-e8588c58f263-----ip: ::1----Other 0.0.0 / Other 0.0.0---status:200-----idUser :5d983de5e312aa3cf0572241---mobile number :09396561733---- block = false","level":"info"}
{"message":"localhost:3000------ GET------ date: 1398/7/13---- time : 12:30:1-----d6f9575c-1c5b-441e-8364-d58bef7f566c-----ip: ::1----Other 0.0.0 / Other 0.0.0---status:200-----idUser :5d983de5e312aa3cf0572241---mobile number :09396561733---- block = false","level":"info"}
{"message":"localhost:3000------ GET------ date: 1398/7/13---- time : 12:38:0-----44cf47db-2282-4bb3-90e7-bd234585e77e-----ip: ::1----Other 0.0.0 / Other 0.0.0---status:200-----idUser :5d983de5e312aa3cf0572241---mobile number :09396561733---- block = false","level":"info"}
{"message":"localhost:3000------ GET------ date: 1398/7/13---- time : 12:38:25-----1724e7f1-db73-4e5f-82ee-ab4bf8d3b06a-----ip: ::1----Other 0.0.0 / Other 0.0.0---status:200-----idUser :5d983de5e312aa3cf0572241---mobile number :09396561733---- block = false","level":"info"}
{"message":"localhost:3000------ POST------ date: 1398/7/13---- time : 12:43:1-----c08a250b-984d-45c7-b381-50d8af80691a-----ip: ::1----Other 0.0.0 / Other 0.0.0---status:200-----idUser :5d983de5e312aa3cf0572241---mobile number :09396561733---- block = false","level":"info"}
{"message":"localhost:3000------ POST------ date: 1398/7/13---- time : 12:44:22-----3bc046f4-e279-4678-af22-89be566abc82-----ip: ::1----Other 0.0.0 / Other 0.0.0---status:200-----idUser :5d983de5e312aa3cf0572241---mobile number :09396561733---- block = false","level":"info"}
{"message":"localhost:3000------ POST------ date: 1398/7/13---- time : 13:19:14-----292e773e-7f8c-4ebc-b9b5-f7d37cdcb467-----ip: ::1----Other 0.0.0 / Other 0.0.0---status:200-----idUser :5d983de5e312aa3cf0572241---mobile number :09396561733---- block = false","level":"info"}
{"message":"localhost:3000------ POST------ date: 1398/7/13---- time : 13:19:32-----b2881819-790f-48bc-ba1e-68234f6bb873-----ip: ::1----Other 0.0.0 / Other 0.0.0---status:200-----idUser :5d983de5e312aa3cf0572241---mobile number :09396561733---- block = false","level":"info"}
{"message":"localhost:3000------ POST------ date: 1398/7/13---- time : 13:19:42-----c3712b1e-eae9-463c-ad0c-d5486f189fbd-----ip: ::1----Other 0.0.0 / Other 0.0.0---status:200-----idUser :5d983de5e312aa3cf0572241---mobile number :09396561733---- block = false","level":"info"}
{"message":"localhost:3000------ POST------ date: 1398/7/13---- time : 13:19:50-----432a5a34-f00e-4036-8082-29f500936689-----ip: ::1----Other 0.0.0 / Other 0.0.0---status:200-----idUser :5d983de5e312aa3cf0572241---mobile number :09396561733---- block = false","level":"info"}
{"message":"localhost:3000------ POST------ date: 1398/7/13---- time : 13:20:49-----4667e1a6-c330-427b-a9ef-56db49154646-----ip: ::1----Other 0.0.0 / Other 0.0.0---status:200-----idUser :5d983de5e312aa3cf0572241---mobile number :09396561733---- block = false","level":"info"}
{"message":"localhost:3000------ POST------ date: 1398/7/13---- time : 13:21:16-----a1dba966-edcd-46ce-879c-097760751bb6-----ip: ::1----Other 0.0.0 / Other 0.0.0---status:200-----idUser :5d983de5e312aa3cf0572241---mobile number :09396561733---- block = false","level":"info"}
{"message":"localhost:3000------ POST------ date: 1398/7/13---- time : 13:23:9-----5bbf3652-490f-48dd-89d6-1a268737e531-----ip: ::1----Other 0.0.0 / Other 0.0.0---status:200-----idUser :5d983de5e312aa3cf0572241---mobile number :09396561733---- block = false","level":"info"}
{"message":"localhost:3000------ POST------ date: 1398/7/13---- time : 13:23:16-----c8387d6c-c40d-404e-a98b-7c333a5f4058-----ip: ::1----Other 0.0.0 / Other 0.0.0---status:200-----idUser :5d983de5e312aa3cf0572241---mobile number :09396561733---- block = false","level":"info"}
{"message":"localhost:3000------ POST------ date: 1398/7/13---- time : 13:23:22-----4d52c6b8-3cac-4691-858a-563dce87dcca-----ip: ::1----Other 0.0.0 / Other 0.0.0---status:200-----idUser :5d983de5e312aa3cf0572241---mobile number :09396561733---- block = false","level":"info"}
{"message":"localhost:3000------ POST------ date: 1398/7/13---- time : 13:23:45-----f2e466d9-0628-4d2e-a36b-e55ddb7c46a3-----ip: ::1----Other 0.0.0 / Other 0.0.0---status:200-----idUser :5d983de5e312aa3cf0572241---mobile number :09396561733---- block = false","level":"info"}
{"message":"localhost:3000------ POST------ date: 1398/7/13---- time : 13:24:5-----27ce0fc2-35bb-4fa3-8e92-67dd23694513-----ip: ::1----Other 0.0.0 / Other 0.0.0---status:200-----idUser :5d983de5e312aa3cf0572241---mobile number :09396561733---- block = false","level":"info"}
{"message":"localhost:3000------ POST------ date: 1398/7/13---- time : 13:26:4-----565675f5-dc64-4317-b9c1-cad420595c62-----ip: ::1----Other 0.0.0 / Other 0.0.0---status:200-----idUser :5d983de5e312aa3cf0572241---mobile number :09396561733---- block = false","level":"info"}
{"message":"localhost:3000------ POST------ date: 1398/7/13---- time : 13:26:12-----fb54bb01-9dd6-4bde-8ed1-8ee4656d22e2-----ip: ::1----Other 0.0.0 / Other 0.0.0---status:200-----idUser :5d983de5e312aa3cf0572241---mobile number :09396561733---- block = false","level":"info"}
{"message":"localhost:3000------ POST------ date: 1398/7/13---- time : 13:27:10-----916259fa-07bf-4d60-a178-6a7daaf3de21-----ip: ::1----Other 0.0.0 / Other 0.0.0---status:200-----idUser :5d983de5e312aa3cf0572241---mobile number :09396561733---- block = false","level":"info"}
{"message":"localhost:3000------ POST------ date: 1398/7/13---- time : 13:27:39-----8f78bc1e-bd92-4039-9c93-561d833def95-----ip: ::1----Other 0.0.0 / Other 0.0.0---status:200-----idUser :5d983de5e312aa3cf0572241---mobile number :09396561733---- block = false","level":"info"}
{"message":"localhost:3000------ POST------ date: 1398/7/13---- time : 13:27:58-----408a3048-208d-409e-a4e8-c8ef1df48797-----ip: ::1----Other 0.0.0 / Other 0.0.0---status:200-----idUser :5d983de5e312aa3cf0572241---mobile number :09396561733---- block = false","level":"info"}
{"message":"localhost:3000------ POST------ date: 1398/7/13---- time : 13:29:11-----0a0b34aa-de06-42f8-84c2-727327b9a412-----ip: ::1----Other 0.0.0 / Other 0.0.0---status:200-----idUser :5d983de5e312aa3cf0572241---mobile number :09396561733---- block = false","level":"info"}
{"message":"localhost:3000------ POST------ date: 1398/7/13---- time : 13:29:17-----e73ce925-cbe2-4256-8616-ec533c03fa7e-----ip: ::1----Other 0.0.0 / Other 0.0.0---status:200-----idUser :5d983de5e312aa3cf0572241---mobile number :09396561733---- block = false","level":"info"}
{"message":"localhost:3000------ POST------ date: 1398/7/13---- time : 13:29:21-----a3830809-beac-484d-bd9f-6d7c64de3814-----ip: ::1----Other 0.0.0 / Other 0.0.0---status:200-----idUser :5d983de5e312aa3cf0572241---mobile number :09396561733---- block = false","level":"info"}
{"message":"localhost:3000------ POST------ date: 1398/7/13---- time : 13:29:57-----941d38f3-c859-44ae-9389-616c5afd685a-----ip: ::1----Other 0.0.0 / Other 0.0.0---status:200-----idUser :5d983de5e312aa3cf0572241---mobile number :09396561733---- block = false","level":"info"}
{"message":"localhost:3000------ POST------ date: 1398/7/13---- time : 13:30:6-----c4c6f023-abf4-4a82-84a4-58076e080362-----ip: ::1----Other 0.0.0 / Other 0.0.0---status:200-----idUser :5d983de5e312aa3cf0572241---mobile number :09396561733---- block = false","level":"info"}
{"message":"localhost:3000------ POST------ date: 1398/7/13---- time : 13:31:10-----11fcc880-b05f-4917-b851-12d20133ce54-----ip: ::1----Other 0.0.0 / Other 0.0.0---status:200-----idUser :5d983de5e312aa3cf0572241---mobile number :09396561733---- block = false","level":"info"}
{"message":"localhost:3000------ POST------ date: 1398/7/13---- time : 13:31:20-----ba339514-9703-4b60-bdd8-bf573f4767ca-----ip: ::1----Other 0.0.0 / Other 0.0.0---status:200-----idUser :5d983de5e312aa3cf0572241---mobile number :09396561733---- block = false","level":"info"}
{"message":"localhost:3000------ POST------ date: 1398/7/13---- time : 13:31:30-----d611f9e2-9e8e-454e-9555-d6ceeba5378c-----ip: ::1----Other 0.0.0 / Other 0.0.0---status:200-----idUser :5d983de5e312aa3cf0572241---mobile number :09396561733---- block = false","level":"info"}
{"message":"localhost:3000------ POST------ date: 1398/7/13---- time : 13:32:31-----7beca348-75ae-4dad-aae9-14ee7b5f513e-----ip: ::1----Other 0.0.0 / Other 0.0.0---status:200-----idUser :5d983de5e312aa3cf0572241---mobile number :09396561733---- block = false","level":"info"}
{"message":"localhost:3000------ POST------ date: 1398/7/13---- time : 13:32:36-----b13e0863-f669-46c9-9f58-d1d8479cb927-----ip: ::1----Other 0.0.0 / Other 0.0.0---status:200-----idUser :5d983de5e312aa3cf0572241---mobile number :09396561733---- block = false","level":"info"}
{"message":"localhost:3000------ POST------ date: 1398/7/13---- time : 13:32:41-----ec12b55e-9b2c-4bb1-8f7e-064e26b030dc-----ip: ::1----Other 0.0.0 / Other 0.0.0---status:200-----idUser :5d983de5e312aa3cf0572241---mobile number :09396561733---- block = false","level":"info"}
{"message":"localhost:3000------ POST------ date: 1398/7/13---- time : 13:32:50-----4733b4b4-cf46-4aa3-a412-11f788182b30-----ip: ::1----Other 0.0.0 / Other 0.0.0---status:200-----idUser :5d983de5e312aa3cf0572241---mobile number :09396561733---- block = false","level":"info"}
{"message":"localhost:3000------ POST------ date: 1398/7/13---- time : 13:33:19-----18571fed-79eb-4bd4-8524-56b577ebad0a-----ip: ::1----Other 0.0.0 / Other 0.0.0---status:200-----idUser :5d983de5e312aa3cf0572241---mobile number :09396561733---- block = false","level":"info"}
{"message":"localhost:3000------ POST------ date: 1398/7/13---- time : 13:33:25-----64e9c0bc-02cd-4e6f-be44-9c7b689eb2f3-----ip: ::1----Other 0.0.0 / Other 0.0.0---status:200-----idUser :5d983de5e312aa3cf0572241---mobile number :09396561733---- block = false","level":"info"}
{"message":"localhost:3000------ POST------ date: 1398/7/13---- time : 13:33:29-----ebbb9f51-994e-4f44-997f-6f0a4f2b00cf-----ip: ::1----Other 0.0.0 / Other 0.0.0---status:200-----idUser :5d983de5e312aa3cf0572241---mobile number :09396561733---- block = false","level":"info"}
{"message":"localhost:3000------ POST------ date: 1398/7/13---- time : 13:33:34-----a0f17ff0-6b0d-4ca8-a687-146a9dc96604-----ip: ::1----Other 0.0.0 / Other 0.0.0---status:200-----idUser :5d983de5e312aa3cf0572241---mobile number :09396561733---- block = false","level":"info"}
{"message":"localhost:3000------ POST------ date: 1398/7/13---- time : 13:34:13-----29c16f77-3028-4270-ac46-eae038c6835d-----ip: ::1----Other 0.0.0 / Other 0.0.0---status:200-----idUser :5d983de5e312aa3cf0572241---mobile number :09396561733---- block = false","level":"info"}
{"message":"localhost:3000------ POST------ date: 1398/7/13---- time : 13:34:22-----cbe42ab6-b0d8-49eb-acef-164b45f97e37-----ip: ::1----Other 0.0.0 / Other 0.0.0---status:200-----idUser :5d983de5e312aa3cf0572241---mobile number :09396561733---- block = false","level":"info"}
{"message":"localhost:3000------ POST------ date: 1398/7/13---- time : 13:34:35-----e4dde006-627b-45d6-8629-7e2400ac68c7-----ip: ::1----Other 0.0.0 / Other 0.0.0---status:200-----idUser :5d983de5e312aa3cf0572241---mobile number :09396561733---- block = false","level":"info"}
{"message":"localhost:3000------ POST------ date: 1398/7/13---- time : 13:35:24-----35b38cd3-29ec-4b8c-9e4d-26ccedaa486a-----ip: ::1----Other 0.0.0 / Other 0.0.0---status:200-----idUser :5d983de5e312aa3cf0572241---mobile number :09396561733---- block = false","level":"info"}
{"message":"localhost:3000------ POST------ date: 1398/7/13---- time : 13:35:34-----494dcc87-e720-4104-92b2-1c8c17b90ce5-----ip: ::1----Other 0.0.0 / Other 0.0.0---status:200-----idUser :5d983de5e312aa3cf0572241---mobile number :09396561733---- block = false","level":"info"}
{"message":"localhost:3000------ POST------ date: 1398/7/13---- time : 13:35:48-----8073501f-1877-4ee1-b355-99a59e863c10-----ip: ::1----Other 0.0.0 / Other 0.0.0---status:200-----idUser :5d983de5e312aa3cf0572241---mobile number :09396561733---- block = false","level":"info"}
{"message":"localhost:3000------ GET------ date: 1398/7/13---- time : 13:36:5-----8ebeb1cc-033b-4560-8244-7b46abcc2eca-----ip: ::1----Other 0.0.0 / Other 0.0.0---status:200-----idUser :5d983de5e312aa3cf0572241---mobile number :09396561733---- block = false","level":"info"}
{"message":"localhost:3000------ GET------ date: 1398/7/13---- time : 13:37:21-----2797f3fe-439f-4e98-8b80-97f1e115a388-----ip: ::1----Other 0.0.0 / Other 0.0.0---status:200-----idUser :5d983de5e312aa3cf0572241---mobile number :09396561733---- block = false","level":"info"}
{"message":"localhost:3000------ GET------ date: 1398/7/13---- time : 13:58:38-----fb796789-620a-453d-b383-d17dae23254d-----ip: ::1----Other 0.0.0 / Other 0.0.0---status:200-----idUser :5d983de5e312aa3cf0572241---mobile number :09396561733---- block = false","level":"info"}
{"message":"localhost:3000------ GET------ date: 1398/7/13---- time : 14:20:5-----152fb88d-c537-497e-948d-c131c712876f-----ip: ::1----Other 0.0.0 / Other 0.0.0---status:200-----idUser :5d983de5e312aa3cf0572241---mobile number :09396561733---- block = false","level":"info"}
{"message":"localhost:3000------ GET------ date: 1398/7/13---- time : 14:20:11-----0ec00ac3-e406-43da-8f58-0be9ef3140ed-----ip: ::1----Other 0.0.0 / Other 0.0.0---status:200-----idUser :5d983de5e312aa3cf0572241---mobile number :09396561733---- block = false","level":"info"}
{"message":"localhost:3000------ POST------ date: 1398/7/13---- time : 14:24:27-----37d4fa4e-c285-4a06-81c5-b2f1086a6565-----ip: ::1----Other 0.0.0 / Other 0.0.0---status:200-----idUser :5d983de5e312aa3cf0572241---mobile number :09396561733---- block = false","level":"info"}
{"message":"localhost:3000------ POST------ date: 1398/7/13---- time : 14:27:36-----fa3eaad2-b09e-4343-80a1-bc7bf0bde6a3-----ip: ::1----Other 0.0.0 / Other 0.0.0---status:200-----idUser :5d983de5e312aa3cf0572241---mobile number :09396561733---- block = false","level":"info"}
{"message":"localhost:3000------ POST------ date: 1398/7/13---- time : 14:30:48-----7003b919-2571-46ed-a1c8-227e00f0d8f5-----ip: ::1----Other 0.0.0 / Other 0.0.0---status:200-----idUser :5d983de5e312aa3cf0572241---mobile number :09396561733---- block = false","level":"info"}
{"message":"localhost:3000------ POST------ date: 1398/7/13---- time : 14:31:8-----1adf145a-7c2e-45f8-a16a-b301b459d636-----ip: ::1----Other 0.0.0 / Other 0.0.0---status:200-----idUser :5d983de5e312aa3cf0572241---mobile number :09396561733---- block = false","level":"info"}
{"message":"localhost:3000------ POST------ date: 1398/7/13---- time : 14:31:27-----7e526c02-f5d5-457f-a90d-872af44d4620-----ip: ::1----Other 0.0.0 / Other 0.0.0---status:200-----idUser :5d983de5e312aa3cf0572241---mobile number :09396561733---- block = false","level":"info"}
{"message":"localhost:3000------ POST------ date: 1398/7/13---- time : 14:37:10-----8969c360-1ccc-4fe6-a54b-e9d3f0732bf6-----ip: ::1----Other 0.0.0 / Other 0.0.0---status:200-----idUser :5d983de5e312aa3cf0572241---mobile number :09396561733---- block = false","level":"info"}
{"message":"localhost:3000------ POST------ date: 1398/7/13---- time : 14:37:38-----cf335285-59a1-47ee-9e09-bc361785420f-----ip: ::1----Other 0.0.0 / Other 0.0.0---status:200-----idUser :5d983de5e312aa3cf0572241---mobile number :09396561733---- block = false","level":"info"}
{"message":"localhost:3000------ POST------ date: 1398/7/13---- time : 14:39:1-----057e5781-2314-4b3e-89a4-4fe065d0d0aa-----ip: ::1----Other 0.0.0 / Other 0.0.0---status:200-----idUser :5d983de5e312aa3cf0572241---mobile number :09396561733---- block = false","level":"info"}
{"message":"localhost:3000------ POST------ date: 1398/7/13---- time : 14:39:33-----418e2bf4-42fe-4ba3-b8d5-35e1aa770687-----ip: ::ffff:127.0.0.1----Other 0.0.0 / Other 0.0.0---status:200-----idUser :5d983de5e312aa3cf0572241---mobile number :09396561733---- block = false","level":"info"}
